---------- Date: 2014-10-13 10:13:23 ~ IP : 46.175.230.17 ----------
REQUEST URI : /rowery2/admin/index.php?route=catalog/product/update&amp;token=291066c8f56aefac9c631fb1c15d20a0&amp;product_id=775
MOD DETAILS:
   modFile   : /home/demostrona/domains/demo.stronazen.pl/public_html/rowery2/vqmod/xml/Auto-SEO-keywords-URL.xml
   id        : Auto SEO Keywords
   version   : 1
   vqmver    : 
   author    : Creative Ground
SEARCH NOT FOUND (ABORTING MOD): name="keyword"

----------------------------------------------------------------------


---------- Date: 2014-10-13 10:15:08 ~ IP : 46.175.230.17 ----------
REQUEST URI : /rowery2/admin/index.php?route=catalog/product/update&amp;token=291066c8f56aefac9c631fb1c15d20a0&amp;product_id=775
MOD DETAILS:
   modFile   : /home/demostrona/domains/demo.stronazen.pl/public_html/rowery2/vqmod/xml/Auto-SEO-keywords-URL.xml
   id        : Auto SEO Keywords
   version   : 1
   vqmver    : 
   author    : Creative Ground
SEARCH NOT FOUND (ABORTING MOD): name="keyword"

----------------------------------------------------------------------


---------- Date: 2014-10-13 10:15:40 ~ IP : 46.175.230.17 ----------
REQUEST URI : /rowery2/admin/index.php?route=catalog/product/update&amp;token=291066c8f56aefac9c631fb1c15d20a0&amp;product_id=775
MOD DETAILS:
   modFile   : /home/demostrona/domains/demo.stronazen.pl/public_html/rowery2/vqmod/xml/Auto-SEO-keywords-URL.xml
   id        : Auto SEO Keywords
   version   : 1
   vqmver    : 
   author    : Creative Ground
SEARCH NOT FOUND (ABORTING MOD): name="keyword"

----------------------------------------------------------------------


---------- Date: 2014-10-13 10:18:13 ~ IP : 46.175.230.17 ----------
REQUEST URI : /rowery2/admin/index.php?route=catalog/product/update&amp;token=291066c8f56aefac9c631fb1c15d20a0&amp;product_id=775
MOD DETAILS:
   modFile   : /home/demostrona/domains/demo.stronazen.pl/public_html/rowery2/vqmod/xml/Auto-SEO-keywords-URL.xml
   id        : Auto SEO Keywords
   version   : 1
   vqmver    : 
   author    : Creative Ground
SEARCH NOT FOUND (ABORTING MOD): name="keyword"

----------------------------------------------------------------------


---------- Date: 2014-10-13 10:25:09 ~ IP : 46.175.230.17 ----------
REQUEST URI : /rowery2/admin/index.php?route=catalog/product/update&amp;token=291066c8f56aefac9c631fb1c15d20a0&amp;product_id=775
MOD DETAILS:
   modFile   : /home/demostrona/domains/demo.stronazen.pl/public_html/rowery2/vqmod/xml/Auto-SEO-keywords-URL.xml
   id        : Auto SEO Keywords
   version   : 1
   vqmver    : 
   author    : Creative Ground
SEARCH NOT FOUND (ABORTING MOD): name="keyword"

----------------------------------------------------------------------


---------- Date: 2014-10-13 10:25:32 ~ IP : 46.175.230.17 ----------
REQUEST URI : /rowery2/admin/index.php?route=catalog/category/update&amp;token=291066c8f56aefac9c631fb1c15d20a0&amp;category_id=56
MOD DETAILS:
   modFile   : /home/demostrona/domains/demo.stronazen.pl/public_html/rowery2/vqmod/xml/Auto-SEO-keywords-URL.xml
   id        : Auto SEO Keywords
   version   : 1
   vqmver    : 
   author    : Creative Ground
SEARCH NOT FOUND (ABORTING MOD): name="keyword"

----------------------------------------------------------------------


---------- Date: 2014-10-13 10:27:09 ~ IP : 46.175.230.17 ----------
REQUEST URI : /rowery2/admin/index.php?route=catalog/category/update&amp;token=291066c8f56aefac9c631fb1c15d20a0&amp;category_id=56
MOD DETAILS:
   modFile   : /home/demostrona/domains/demo.stronazen.pl/public_html/rowery2/vqmod/xml/Auto-SEO-keywords-URL.xml
   id        : Auto SEO Keywords
   version   : 1
   vqmver    : 
   author    : Creative Ground
SEARCH NOT FOUND (ABORTING MOD): name="keyword"

----------------------------------------------------------------------


---------- Date: 2014-10-13 10:43:50 ~ IP : 46.175.230.17 ----------
REQUEST URI : /rowery2/admin/index.php?route=catalog/category/update&amp;token=291066c8f56aefac9c631fb1c15d20a0&amp;category_id=56
MOD DETAILS:
   modFile   : /home/demostrona/domains/demo.stronazen.pl/public_html/rowery2/vqmod/xml/Auto-SEO-keywords-URL.xml
   id        : Auto SEO Keywords
   version   : 1
   vqmver    : 
   author    : Creative Ground
SEARCH NOT FOUND (ABORTING MOD): name="keyword"

----------------------------------------------------------------------


---------- Date: 2014-10-13 10:44:14 ~ IP : 46.175.230.17 ----------
REQUEST URI : /rowery2/admin/index.php?route=catalog/category/update&amp;token=291066c8f56aefac9c631fb1c15d20a0&amp;category_id=56
MOD DETAILS:
   modFile   : /home/demostrona/domains/demo.stronazen.pl/public_html/rowery2/vqmod/xml/Auto-SEO-keywords-URL.xml
   id        : Auto SEO Keywords
   version   : 1
   vqmver    : 
   author    : Creative Ground
SEARCH NOT FOUND (ABORTING MOD): name="keyword"

----------------------------------------------------------------------


