---------- Date: 2014-09-18 08:49:38 ~ IP : 217.91.165.165 ----------
REQUEST URI : /nasz/admin/index.php?route=catalog/product/update&amp;token=e655b95896dd9aaff0f2a80fce4173e8&amp;product_id=296&amp;page=14
MOD DETAILS:
   modFile   : /home/demostrona/domains/demo.stronazen.pl/public_html/nasz/vqmod/xml/Auto-SEO-keywords-URL.xml
   id        : Auto SEO Keywords
   version   : 1
   vqmver    : 
   author    : Creative Ground
SEARCH NOT FOUND (ABORTING MOD): name="keyword"

----------------------------------------------------------------------


---------- Date: 2014-09-18 08:51:59 ~ IP : 217.91.165.165 ----------
REQUEST URI : /nasz/admin/index.php?route=catalog/product/update&amp;token=e655b95896dd9aaff0f2a80fce4173e8&amp;product_id=171&amp;page=14
MOD DETAILS:
   modFile   : /home/demostrona/domains/demo.stronazen.pl/public_html/nasz/vqmod/xml/Auto-SEO-keywords-URL.xml
   id        : Auto SEO Keywords
   version   : 1
   vqmver    : 
   author    : Creative Ground
SEARCH NOT FOUND (ABORTING MOD): name="keyword"

----------------------------------------------------------------------


---------- Date: 2014-09-18 08:52:50 ~ IP : 217.91.165.165 ----------
REQUEST URI : /nasz/admin/index.php?route=catalog/product/update&amp;token=e655b95896dd9aaff0f2a80fce4173e8&amp;product_id=60&amp;page=14
MOD DETAILS:
   modFile   : /home/demostrona/domains/demo.stronazen.pl/public_html/nasz/vqmod/xml/Auto-SEO-keywords-URL.xml
   id        : Auto SEO Keywords
   version   : 1
   vqmver    : 
   author    : Creative Ground
SEARCH NOT FOUND (ABORTING MOD): name="keyword"

----------------------------------------------------------------------


---------- Date: 2014-09-18 08:53:36 ~ IP : 217.91.165.165 ----------
REQUEST URI : /nasz/admin/index.php?route=catalog/product/update&amp;token=e655b95896dd9aaff0f2a80fce4173e8&amp;product_id=64&amp;page=14
MOD DETAILS:
   modFile   : /home/demostrona/domains/demo.stronazen.pl/public_html/nasz/vqmod/xml/Auto-SEO-keywords-URL.xml
   id        : Auto SEO Keywords
   version   : 1
   vqmver    : 
   author    : Creative Ground
SEARCH NOT FOUND (ABORTING MOD): name="keyword"

----------------------------------------------------------------------


---------- Date: 2014-09-18 08:56:41 ~ IP : 217.91.165.165 ----------
REQUEST URI : /nasz/admin/index.php?route=catalog/product/update&amp;token=e655b95896dd9aaff0f2a80fce4173e8&amp;product_id=409&amp;page=14
MOD DETAILS:
   modFile   : /home/demostrona/domains/demo.stronazen.pl/public_html/nasz/vqmod/xml/Auto-SEO-keywords-URL.xml
   id        : Auto SEO Keywords
   version   : 1
   vqmver    : 
   author    : Creative Ground
SEARCH NOT FOUND (ABORTING MOD): name="keyword"

----------------------------------------------------------------------


---------- Date: 2014-09-18 08:57:01 ~ IP : 217.91.165.165 ----------
REQUEST URI : /nasz/admin/index.php?route=catalog/product/update&amp;token=e655b95896dd9aaff0f2a80fce4173e8&amp;product_id=415&amp;page=14
MOD DETAILS:
   modFile   : /home/demostrona/domains/demo.stronazen.pl/public_html/nasz/vqmod/xml/Auto-SEO-keywords-URL.xml
   id        : Auto SEO Keywords
   version   : 1
   vqmver    : 
   author    : Creative Ground
SEARCH NOT FOUND (ABORTING MOD): name="keyword"

----------------------------------------------------------------------


---------- Date: 2014-09-18 08:57:29 ~ IP : 217.91.165.165 ----------
REQUEST URI : /nasz/admin/index.php?route=catalog/product/update&amp;token=e655b95896dd9aaff0f2a80fce4173e8&amp;product_id=58&amp;page=14
MOD DETAILS:
   modFile   : /home/demostrona/domains/demo.stronazen.pl/public_html/nasz/vqmod/xml/Auto-SEO-keywords-URL.xml
   id        : Auto SEO Keywords
   version   : 1
   vqmver    : 
   author    : Creative Ground
SEARCH NOT FOUND (ABORTING MOD): name="keyword"

----------------------------------------------------------------------


---------- Date: 2014-09-18 08:58:01 ~ IP : 217.91.165.165 ----------
REQUEST URI : /nasz/admin/index.php?route=catalog/product/update&amp;token=e655b95896dd9aaff0f2a80fce4173e8&amp;product_id=63&amp;page=14
MOD DETAILS:
   modFile   : /home/demostrona/domains/demo.stronazen.pl/public_html/nasz/vqmod/xml/Auto-SEO-keywords-URL.xml
   id        : Auto SEO Keywords
   version   : 1
   vqmver    : 
   author    : Creative Ground
SEARCH NOT FOUND (ABORTING MOD): name="keyword"

----------------------------------------------------------------------


---------- Date: 2014-09-18 08:58:42 ~ IP : 217.91.165.165 ----------
REQUEST URI : /nasz/admin/index.php?route=catalog/product/update&amp;token=e655b95896dd9aaff0f2a80fce4173e8&amp;product_id=49&amp;page=14
MOD DETAILS:
   modFile   : /home/demostrona/domains/demo.stronazen.pl/public_html/nasz/vqmod/xml/Auto-SEO-keywords-URL.xml
   id        : Auto SEO Keywords
   version   : 1
   vqmver    : 
   author    : Creative Ground
SEARCH NOT FOUND (ABORTING MOD): name="keyword"

----------------------------------------------------------------------


---------- Date: 2014-09-18 09:06:48 ~ IP : 217.91.165.165 ----------
REQUEST URI : /nasz/admin/index.php?route=catalog/product/update&amp;token=e655b95896dd9aaff0f2a80fce4173e8&amp;product_id=55&amp;page=14
MOD DETAILS:
   modFile   : /home/demostrona/domains/demo.stronazen.pl/public_html/nasz/vqmod/xml/Auto-SEO-keywords-URL.xml
   id        : Auto SEO Keywords
   version   : 1
   vqmver    : 
   author    : Creative Ground
SEARCH NOT FOUND (ABORTING MOD): name="keyword"

----------------------------------------------------------------------


---------- Date: 2014-09-18 09:08:10 ~ IP : 217.91.165.165 ----------
REQUEST URI : /nasz/admin/index.php?route=catalog/product/update&amp;token=e655b95896dd9aaff0f2a80fce4173e8&amp;product_id=56&amp;page=14
MOD DETAILS:
   modFile   : /home/demostrona/domains/demo.stronazen.pl/public_html/nasz/vqmod/xml/Auto-SEO-keywords-URL.xml
   id        : Auto SEO Keywords
   version   : 1
   vqmver    : 
   author    : Creative Ground
SEARCH NOT FOUND (ABORTING MOD): name="keyword"

----------------------------------------------------------------------


---------- Date: 2014-09-18 09:09:56 ~ IP : 217.91.165.165 ----------
REQUEST URI : /nasz/admin/index.php?route=catalog/product/update&amp;product_id=56&amp;page=14&amp;token=b1180d282fc2138625b4efd6c101e0a3
MOD DETAILS:
   modFile   : /home/demostrona/domains/demo.stronazen.pl/public_html/nasz/vqmod/xml/Auto-SEO-keywords-URL.xml
   id        : Auto SEO Keywords
   version   : 1
   vqmver    : 
   author    : Creative Ground
SEARCH NOT FOUND (ABORTING MOD): name="keyword"

----------------------------------------------------------------------


---------- Date: 2014-09-18 09:10:28 ~ IP : 217.91.165.165 ----------
REQUEST URI : /nasz/admin/index.php?route=catalog/product/update&amp;product_id=56&amp;page=14&amp;token=c8673c992e55eae8830b4a0c1f381c2a
MOD DETAILS:
   modFile   : /home/demostrona/domains/demo.stronazen.pl/public_html/nasz/vqmod/xml/Auto-SEO-keywords-URL.xml
   id        : Auto SEO Keywords
   version   : 1
   vqmver    : 
   author    : Creative Ground
SEARCH NOT FOUND (ABORTING MOD): name="keyword"

----------------------------------------------------------------------


---------- Date: 2014-09-18 09:10:53 ~ IP : 217.91.165.165 ----------
REQUEST URI : /nasz/admin/index.php?route=catalog/product/update&amp;token=c8673c992e55eae8830b4a0c1f381c2a&amp;product_id=56&amp;page=14
MOD DETAILS:
   modFile   : /home/demostrona/domains/demo.stronazen.pl/public_html/nasz/vqmod/xml/Auto-SEO-keywords-URL.xml
   id        : Auto SEO Keywords
   version   : 1
   vqmver    : 
   author    : Creative Ground
SEARCH NOT FOUND (ABORTING MOD): name="keyword"

----------------------------------------------------------------------


---------- Date: 2014-09-18 09:11:26 ~ IP : 217.91.165.165 ----------
REQUEST URI : /nasz/admin/index.php?route=catalog/product/update&amp;token=c8673c992e55eae8830b4a0c1f381c2a&amp;product_id=41&amp;page=14
MOD DETAILS:
   modFile   : /home/demostrona/domains/demo.stronazen.pl/public_html/nasz/vqmod/xml/Auto-SEO-keywords-URL.xml
   id        : Auto SEO Keywords
   version   : 1
   vqmver    : 
   author    : Creative Ground
SEARCH NOT FOUND (ABORTING MOD): name="keyword"

----------------------------------------------------------------------


---------- Date: 2014-09-18 09:11:52 ~ IP : 217.91.165.165 ----------
REQUEST URI : /nasz/admin/index.php?route=catalog/product/update&amp;token=c8673c992e55eae8830b4a0c1f381c2a&amp;product_id=42&amp;page=14
MOD DETAILS:
   modFile   : /home/demostrona/domains/demo.stronazen.pl/public_html/nasz/vqmod/xml/Auto-SEO-keywords-URL.xml
   id        : Auto SEO Keywords
   version   : 1
   vqmver    : 
   author    : Creative Ground
SEARCH NOT FOUND (ABORTING MOD): name="keyword"

----------------------------------------------------------------------


---------- Date: 2014-09-18 09:12:14 ~ IP : 217.91.165.165 ----------
REQUEST URI : /nasz/admin/index.php?route=catalog/product/update&amp;token=c8673c992e55eae8830b4a0c1f381c2a&amp;product_id=408&amp;page=14
MOD DETAILS:
   modFile   : /home/demostrona/domains/demo.stronazen.pl/public_html/nasz/vqmod/xml/Auto-SEO-keywords-URL.xml
   id        : Auto SEO Keywords
   version   : 1
   vqmver    : 
   author    : Creative Ground
SEARCH NOT FOUND (ABORTING MOD): name="keyword"

----------------------------------------------------------------------


---------- Date: 2014-09-18 09:12:36 ~ IP : 217.91.165.165 ----------
REQUEST URI : /nasz/admin/index.php?route=catalog/product/update&amp;token=c8673c992e55eae8830b4a0c1f381c2a&amp;product_id=407&amp;page=14
MOD DETAILS:
   modFile   : /home/demostrona/domains/demo.stronazen.pl/public_html/nasz/vqmod/xml/Auto-SEO-keywords-URL.xml
   id        : Auto SEO Keywords
   version   : 1
   vqmver    : 
   author    : Creative Ground
SEARCH NOT FOUND (ABORTING MOD): name="keyword"

----------------------------------------------------------------------


---------- Date: 2014-09-18 09:16:22 ~ IP : 217.91.165.165 ----------
REQUEST URI : /nasz/admin/index.php?route=catalog/product/update&amp;token=c8673c992e55eae8830b4a0c1f381c2a&amp;product_id=46&amp;page=14
MOD DETAILS:
   modFile   : /home/demostrona/domains/demo.stronazen.pl/public_html/nasz/vqmod/xml/Auto-SEO-keywords-URL.xml
   id        : Auto SEO Keywords
   version   : 1
   vqmver    : 
   author    : Creative Ground
SEARCH NOT FOUND (ABORTING MOD): name="keyword"

----------------------------------------------------------------------


---------- Date: 2014-09-18 09:17:11 ~ IP : 217.91.165.165 ----------
REQUEST URI : /nasz/admin/index.php?route=catalog/product/update&amp;token=c8673c992e55eae8830b4a0c1f381c2a&amp;product_id=301&amp;page=14
MOD DETAILS:
   modFile   : /home/demostrona/domains/demo.stronazen.pl/public_html/nasz/vqmod/xml/Auto-SEO-keywords-URL.xml
   id        : Auto SEO Keywords
   version   : 1
   vqmver    : 
   author    : Creative Ground
SEARCH NOT FOUND (ABORTING MOD): name="keyword"

----------------------------------------------------------------------


---------- Date: 2014-09-18 09:26:44 ~ IP : 217.91.165.165 ----------
REQUEST URI : /nasz/admin/index.php?route=catalog/product/update&amp;token=c8673c992e55eae8830b4a0c1f381c2a&amp;product_id=299&amp;page=14
MOD DETAILS:
   modFile   : /home/demostrona/domains/demo.stronazen.pl/public_html/nasz/vqmod/xml/Auto-SEO-keywords-URL.xml
   id        : Auto SEO Keywords
   version   : 1
   vqmver    : 
   author    : Creative Ground
SEARCH NOT FOUND (ABORTING MOD): name="keyword"

----------------------------------------------------------------------


---------- Date: 2014-09-18 09:27:27 ~ IP : 217.91.165.165 ----------
REQUEST URI : /nasz/admin/index.php?route=catalog/product/update&amp;token=c8673c992e55eae8830b4a0c1f381c2a&amp;product_id=281&amp;page=14
MOD DETAILS:
   modFile   : /home/demostrona/domains/demo.stronazen.pl/public_html/nasz/vqmod/xml/Auto-SEO-keywords-URL.xml
   id        : Auto SEO Keywords
   version   : 1
   vqmver    : 
   author    : Creative Ground
SEARCH NOT FOUND (ABORTING MOD): name="keyword"

----------------------------------------------------------------------


---------- Date: 2014-09-18 09:29:26 ~ IP : 217.91.165.165 ----------
REQUEST URI : /nasz/admin/index.php?route=catalog/product/update&amp;token=c8673c992e55eae8830b4a0c1f381c2a&amp;product_id=298&amp;page=14
MOD DETAILS:
   modFile   : /home/demostrona/domains/demo.stronazen.pl/public_html/nasz/vqmod/xml/Auto-SEO-keywords-URL.xml
   id        : Auto SEO Keywords
   version   : 1
   vqmver    : 
   author    : Creative Ground
SEARCH NOT FOUND (ABORTING MOD): name="keyword"

----------------------------------------------------------------------


---------- Date: 2014-09-18 09:30:11 ~ IP : 217.91.165.165 ----------
REQUEST URI : /nasz/admin/index.php?route=catalog/product/update&amp;token=c8673c992e55eae8830b4a0c1f381c2a&amp;product_id=469&amp;page=15
MOD DETAILS:
   modFile   : /home/demostrona/domains/demo.stronazen.pl/public_html/nasz/vqmod/xml/Auto-SEO-keywords-URL.xml
   id        : Auto SEO Keywords
   version   : 1
   vqmver    : 
   author    : Creative Ground
SEARCH NOT FOUND (ABORTING MOD): name="keyword"

----------------------------------------------------------------------


---------- Date: 2014-09-18 09:31:20 ~ IP : 217.91.165.165 ----------
REQUEST URI : /nasz/admin/index.php?route=catalog/product/update&amp;token=c8673c992e55eae8830b4a0c1f381c2a&amp;product_id=470&amp;page=15
MOD DETAILS:
   modFile   : /home/demostrona/domains/demo.stronazen.pl/public_html/nasz/vqmod/xml/Auto-SEO-keywords-URL.xml
   id        : Auto SEO Keywords
   version   : 1
   vqmver    : 
   author    : Creative Ground
SEARCH NOT FOUND (ABORTING MOD): name="keyword"

----------------------------------------------------------------------


---------- Date: 2014-09-18 09:32:24 ~ IP : 217.91.165.165 ----------
REQUEST URI : /nasz/admin/index.php?route=catalog/product/update&amp;token=c8673c992e55eae8830b4a0c1f381c2a&amp;product_id=459&amp;page=15
MOD DETAILS:
   modFile   : /home/demostrona/domains/demo.stronazen.pl/public_html/nasz/vqmod/xml/Auto-SEO-keywords-URL.xml
   id        : Auto SEO Keywords
   version   : 1
   vqmver    : 
   author    : Creative Ground
SEARCH NOT FOUND (ABORTING MOD): name="keyword"

----------------------------------------------------------------------


---------- Date: 2014-09-18 09:34:14 ~ IP : 217.91.165.165 ----------
REQUEST URI : /nasz/admin/index.php?route=catalog/product/update&amp;token=c8673c992e55eae8830b4a0c1f381c2a&amp;product_id=107&amp;page=15
MOD DETAILS:
   modFile   : /home/demostrona/domains/demo.stronazen.pl/public_html/nasz/vqmod/xml/Auto-SEO-keywords-URL.xml
   id        : Auto SEO Keywords
   version   : 1
   vqmver    : 
   author    : Creative Ground
SEARCH NOT FOUND (ABORTING MOD): name="keyword"

----------------------------------------------------------------------


---------- Date: 2014-09-18 09:34:45 ~ IP : 217.91.165.165 ----------
REQUEST URI : /nasz/admin/index.php?route=catalog/product/update&amp;token=c8673c992e55eae8830b4a0c1f381c2a&amp;product_id=707&amp;page=15
MOD DETAILS:
   modFile   : /home/demostrona/domains/demo.stronazen.pl/public_html/nasz/vqmod/xml/Auto-SEO-keywords-URL.xml
   id        : Auto SEO Keywords
   version   : 1
   vqmver    : 
   author    : Creative Ground
SEARCH NOT FOUND (ABORTING MOD): name="keyword"

----------------------------------------------------------------------


---------- Date: 2014-09-18 09:35:34 ~ IP : 217.91.165.165 ----------
REQUEST URI : /nasz/admin/index.php?route=catalog/product/update&amp;token=c8673c992e55eae8830b4a0c1f381c2a&amp;product_id=458&amp;page=15
MOD DETAILS:
   modFile   : /home/demostrona/domains/demo.stronazen.pl/public_html/nasz/vqmod/xml/Auto-SEO-keywords-URL.xml
   id        : Auto SEO Keywords
   version   : 1
   vqmver    : 
   author    : Creative Ground
SEARCH NOT FOUND (ABORTING MOD): name="keyword"

----------------------------------------------------------------------


---------- Date: 2014-09-18 09:52:49 ~ IP : 217.91.165.165 ----------
REQUEST URI : /nasz/admin/index.php?route=catalog/product/update&amp;token=c8673c992e55eae8830b4a0c1f381c2a&amp;product_id=457&amp;page=15
MOD DETAILS:
   modFile   : /home/demostrona/domains/demo.stronazen.pl/public_html/nasz/vqmod/xml/Auto-SEO-keywords-URL.xml
   id        : Auto SEO Keywords
   version   : 1
   vqmver    : 
   author    : Creative Ground
SEARCH NOT FOUND (ABORTING MOD): name="keyword"

----------------------------------------------------------------------


---------- Date: 2014-09-18 09:53:28 ~ IP : 217.91.165.165 ----------
REQUEST URI : /nasz/admin/index.php?route=catalog/product/update&amp;token=c8673c992e55eae8830b4a0c1f381c2a&amp;product_id=456&amp;page=15
MOD DETAILS:
   modFile   : /home/demostrona/domains/demo.stronazen.pl/public_html/nasz/vqmod/xml/Auto-SEO-keywords-URL.xml
   id        : Auto SEO Keywords
   version   : 1
   vqmver    : 
   author    : Creative Ground
SEARCH NOT FOUND (ABORTING MOD): name="keyword"

----------------------------------------------------------------------


---------- Date: 2014-09-18 09:56:06 ~ IP : 217.91.165.165 ----------
REQUEST URI : /nasz/admin/index.php?route=catalog/product/update&amp;token=c8673c992e55eae8830b4a0c1f381c2a&amp;product_id=318&amp;page=15
MOD DETAILS:
   modFile   : /home/demostrona/domains/demo.stronazen.pl/public_html/nasz/vqmod/xml/Auto-SEO-keywords-URL.xml
   id        : Auto SEO Keywords
   version   : 1
   vqmver    : 
   author    : Creative Ground
SEARCH NOT FOUND (ABORTING MOD): name="keyword"

----------------------------------------------------------------------


---------- Date: 2014-09-18 09:56:42 ~ IP : 217.91.165.165 ----------
REQUEST URI : /nasz/admin/index.php?route=catalog/product/update&amp;token=c8673c992e55eae8830b4a0c1f381c2a&amp;product_id=225&amp;page=15
MOD DETAILS:
   modFile   : /home/demostrona/domains/demo.stronazen.pl/public_html/nasz/vqmod/xml/Auto-SEO-keywords-URL.xml
   id        : Auto SEO Keywords
   version   : 1
   vqmver    : 
   author    : Creative Ground
SEARCH NOT FOUND (ABORTING MOD): name="keyword"

----------------------------------------------------------------------


---------- Date: 2014-09-18 09:57:31 ~ IP : 217.91.165.165 ----------
REQUEST URI : /nasz/admin/index.php?route=catalog/product/update&amp;token=c8673c992e55eae8830b4a0c1f381c2a&amp;product_id=227&amp;page=15
MOD DETAILS:
   modFile   : /home/demostrona/domains/demo.stronazen.pl/public_html/nasz/vqmod/xml/Auto-SEO-keywords-URL.xml
   id        : Auto SEO Keywords
   version   : 1
   vqmver    : 
   author    : Creative Ground
SEARCH NOT FOUND (ABORTING MOD): name="keyword"

----------------------------------------------------------------------


---------- Date: 2014-09-18 09:58:52 ~ IP : 217.91.165.165 ----------
REQUEST URI : /nasz/admin/index.php?route=catalog/product/update&amp;token=c8673c992e55eae8830b4a0c1f381c2a&amp;product_id=228&amp;page=15
MOD DETAILS:
   modFile   : /home/demostrona/domains/demo.stronazen.pl/public_html/nasz/vqmod/xml/Auto-SEO-keywords-URL.xml
   id        : Auto SEO Keywords
   version   : 1
   vqmver    : 
   author    : Creative Ground
SEARCH NOT FOUND (ABORTING MOD): name="keyword"

----------------------------------------------------------------------


---------- Date: 2014-09-18 09:59:18 ~ IP : 217.91.165.165 ----------
REQUEST URI : /nasz/admin/index.php?route=catalog/product/update&amp;token=c8673c992e55eae8830b4a0c1f381c2a&amp;product_id=50&amp;page=15
MOD DETAILS:
   modFile   : /home/demostrona/domains/demo.stronazen.pl/public_html/nasz/vqmod/xml/Auto-SEO-keywords-URL.xml
   id        : Auto SEO Keywords
   version   : 1
   vqmver    : 
   author    : Creative Ground
SEARCH NOT FOUND (ABORTING MOD): name="keyword"

----------------------------------------------------------------------


---------- Date: 2014-09-18 09:59:51 ~ IP : 217.91.165.165 ----------
REQUEST URI : /nasz/admin/index.php?route=catalog/product/update&amp;token=c8673c992e55eae8830b4a0c1f381c2a&amp;product_id=332&amp;page=15
MOD DETAILS:
   modFile   : /home/demostrona/domains/demo.stronazen.pl/public_html/nasz/vqmod/xml/Auto-SEO-keywords-URL.xml
   id        : Auto SEO Keywords
   version   : 1
   vqmver    : 
   author    : Creative Ground
SEARCH NOT FOUND (ABORTING MOD): name="keyword"

----------------------------------------------------------------------


---------- Date: 2014-09-18 10:01:17 ~ IP : 217.91.165.165 ----------
REQUEST URI : /nasz/admin/index.php?route=catalog/product/update&amp;token=c8673c992e55eae8830b4a0c1f381c2a&amp;product_id=231&amp;page=15
MOD DETAILS:
   modFile   : /home/demostrona/domains/demo.stronazen.pl/public_html/nasz/vqmod/xml/Auto-SEO-keywords-URL.xml
   id        : Auto SEO Keywords
   version   : 1
   vqmver    : 
   author    : Creative Ground
SEARCH NOT FOUND (ABORTING MOD): name="keyword"

----------------------------------------------------------------------


---------- Date: 2014-09-18 10:01:49 ~ IP : 217.91.165.165 ----------
REQUEST URI : /nasz/admin/index.php?route=catalog/product/update&amp;token=c8673c992e55eae8830b4a0c1f381c2a&amp;product_id=263&amp;page=15
MOD DETAILS:
   modFile   : /home/demostrona/domains/demo.stronazen.pl/public_html/nasz/vqmod/xml/Auto-SEO-keywords-URL.xml
   id        : Auto SEO Keywords
   version   : 1
   vqmver    : 
   author    : Creative Ground
SEARCH NOT FOUND (ABORTING MOD): name="keyword"

----------------------------------------------------------------------


---------- Date: 2014-09-18 10:02:19 ~ IP : 217.91.165.165 ----------
REQUEST URI : /nasz/admin/index.php?route=catalog/product/update&amp;token=c8673c992e55eae8830b4a0c1f381c2a&amp;product_id=284&amp;page=15
MOD DETAILS:
   modFile   : /home/demostrona/domains/demo.stronazen.pl/public_html/nasz/vqmod/xml/Auto-SEO-keywords-URL.xml
   id        : Auto SEO Keywords
   version   : 1
   vqmver    : 
   author    : Creative Ground
SEARCH NOT FOUND (ABORTING MOD): name="keyword"

----------------------------------------------------------------------


---------- Date: 2014-09-18 10:17:56 ~ IP : 217.91.165.165 ----------
REQUEST URI : /nasz/admin/index.php?route=catalog/product/update&amp;token=c8673c992e55eae8830b4a0c1f381c2a&amp;product_id=199&amp;page=15
MOD DETAILS:
   modFile   : /home/demostrona/domains/demo.stronazen.pl/public_html/nasz/vqmod/xml/Auto-SEO-keywords-URL.xml
   id        : Auto SEO Keywords
   version   : 1
   vqmver    : 
   author    : Creative Ground
SEARCH NOT FOUND (ABORTING MOD): name="keyword"

----------------------------------------------------------------------


---------- Date: 2014-09-18 10:19:07 ~ IP : 217.91.165.165 ----------
REQUEST URI : /nasz/admin/index.php?route=catalog/product/update&amp;token=c8673c992e55eae8830b4a0c1f381c2a&amp;product_id=200&amp;page=15
MOD DETAILS:
   modFile   : /home/demostrona/domains/demo.stronazen.pl/public_html/nasz/vqmod/xml/Auto-SEO-keywords-URL.xml
   id        : Auto SEO Keywords
   version   : 1
   vqmver    : 
   author    : Creative Ground
SEARCH NOT FOUND (ABORTING MOD): name="keyword"

----------------------------------------------------------------------


---------- Date: 2014-09-18 10:19:07 ~ IP : 217.91.165.165 ----------
REQUEST URI : /nasz/admin/index.php?route=catalog/product/update&amp;token=c8673c992e55eae8830b4a0c1f381c2a&amp;product_id=200&amp;page=15
MOD DETAILS:
   modFile   : /home/demostrona/domains/demo.stronazen.pl/public_html/nasz/vqmod/xml/Auto-SEO-keywords-URL.xml
   id        : Auto SEO Keywords
   version   : 1
   vqmver    : 
   author    : Creative Ground
SEARCH NOT FOUND (ABORTING MOD): name="keyword"

----------------------------------------------------------------------


---------- Date: 2014-09-18 10:20:08 ~ IP : 217.91.165.165 ----------
REQUEST URI : /nasz/admin/index.php?route=catalog/product/update&amp;token=c8673c992e55eae8830b4a0c1f381c2a&amp;product_id=201&amp;page=15
MOD DETAILS:
   modFile   : /home/demostrona/domains/demo.stronazen.pl/public_html/nasz/vqmod/xml/Auto-SEO-keywords-URL.xml
   id        : Auto SEO Keywords
   version   : 1
   vqmver    : 
   author    : Creative Ground
SEARCH NOT FOUND (ABORTING MOD): name="keyword"

----------------------------------------------------------------------


---------- Date: 2014-09-18 10:20:55 ~ IP : 217.91.165.165 ----------
REQUEST URI : /nasz/admin/index.php?route=catalog/product/update&amp;token=c8673c992e55eae8830b4a0c1f381c2a&amp;product_id=417&amp;page=16
MOD DETAILS:
   modFile   : /home/demostrona/domains/demo.stronazen.pl/public_html/nasz/vqmod/xml/Auto-SEO-keywords-URL.xml
   id        : Auto SEO Keywords
   version   : 1
   vqmver    : 
   author    : Creative Ground
SEARCH NOT FOUND (ABORTING MOD): name="keyword"

----------------------------------------------------------------------


---------- Date: 2014-09-18 10:21:33 ~ IP : 217.91.165.165 ----------
REQUEST URI : /nasz/admin/index.php?route=catalog/product/update&amp;token=c8673c992e55eae8830b4a0c1f381c2a&amp;product_id=418&amp;page=16
MOD DETAILS:
   modFile   : /home/demostrona/domains/demo.stronazen.pl/public_html/nasz/vqmod/xml/Auto-SEO-keywords-URL.xml
   id        : Auto SEO Keywords
   version   : 1
   vqmver    : 
   author    : Creative Ground
SEARCH NOT FOUND (ABORTING MOD): name="keyword"

----------------------------------------------------------------------


---------- Date: 2014-09-18 10:48:17 ~ IP : 217.91.165.165 ----------
REQUEST URI : /nasz/admin/index.php?route=catalog/product/update&amp;token=c8673c992e55eae8830b4a0c1f381c2a&amp;product_id=174&amp;page=16
MOD DETAILS:
   modFile   : /home/demostrona/domains/demo.stronazen.pl/public_html/nasz/vqmod/xml/Auto-SEO-keywords-URL.xml
   id        : Auto SEO Keywords
   version   : 1
   vqmver    : 
   author    : Creative Ground
SEARCH NOT FOUND (ABORTING MOD): name="keyword"

----------------------------------------------------------------------


---------- Date: 2014-09-18 10:48:46 ~ IP : 217.91.165.165 ----------
REQUEST URI : /nasz/admin/index.php?route=catalog/product/update&amp;token=c8673c992e55eae8830b4a0c1f381c2a&amp;product_id=466&amp;page=16
MOD DETAILS:
   modFile   : /home/demostrona/domains/demo.stronazen.pl/public_html/nasz/vqmod/xml/Auto-SEO-keywords-URL.xml
   id        : Auto SEO Keywords
   version   : 1
   vqmver    : 
   author    : Creative Ground
SEARCH NOT FOUND (ABORTING MOD): name="keyword"

----------------------------------------------------------------------


---------- Date: 2014-09-18 10:49:35 ~ IP : 217.91.165.165 ----------
REQUEST URI : /nasz/admin/index.php?route=catalog/product/update&amp;token=c8673c992e55eae8830b4a0c1f381c2a&amp;product_id=461&amp;page=16
MOD DETAILS:
   modFile   : /home/demostrona/domains/demo.stronazen.pl/public_html/nasz/vqmod/xml/Auto-SEO-keywords-URL.xml
   id        : Auto SEO Keywords
   version   : 1
   vqmver    : 
   author    : Creative Ground
SEARCH NOT FOUND (ABORTING MOD): name="keyword"

----------------------------------------------------------------------


---------- Date: 2014-09-18 10:49:59 ~ IP : 217.91.165.165 ----------
REQUEST URI : /nasz/admin/index.php?route=catalog/product/update&amp;token=c8673c992e55eae8830b4a0c1f381c2a&amp;product_id=311&amp;page=16
MOD DETAILS:
   modFile   : /home/demostrona/domains/demo.stronazen.pl/public_html/nasz/vqmod/xml/Auto-SEO-keywords-URL.xml
   id        : Auto SEO Keywords
   version   : 1
   vqmver    : 
   author    : Creative Ground
SEARCH NOT FOUND (ABORTING MOD): name="keyword"

----------------------------------------------------------------------


---------- Date: 2014-09-18 10:51:13 ~ IP : 217.91.165.165 ----------
REQUEST URI : /nasz/admin/index.php?route=catalog/product/update&amp;token=c8673c992e55eae8830b4a0c1f381c2a&amp;product_id=142&amp;page=16
MOD DETAILS:
   modFile   : /home/demostrona/domains/demo.stronazen.pl/public_html/nasz/vqmod/xml/Auto-SEO-keywords-URL.xml
   id        : Auto SEO Keywords
   version   : 1
   vqmver    : 
   author    : Creative Ground
SEARCH NOT FOUND (ABORTING MOD): name="keyword"

----------------------------------------------------------------------


---------- Date: 2014-09-18 10:51:24 ~ IP : 217.91.165.165 ----------
REQUEST URI : /nasz/admin/index.php?route=catalog/product/update&amp;token=c8673c992e55eae8830b4a0c1f381c2a&amp;product_id=134&amp;page=16
MOD DETAILS:
   modFile   : /home/demostrona/domains/demo.stronazen.pl/public_html/nasz/vqmod/xml/Auto-SEO-keywords-URL.xml
   id        : Auto SEO Keywords
   version   : 1
   vqmver    : 
   author    : Creative Ground
SEARCH NOT FOUND (ABORTING MOD): name="keyword"

----------------------------------------------------------------------


---------- Date: 2014-09-18 10:52:01 ~ IP : 217.91.165.165 ----------
REQUEST URI : /nasz/admin/index.php?route=catalog/product/update&amp;token=c8673c992e55eae8830b4a0c1f381c2a&amp;product_id=148&amp;page=16
MOD DETAILS:
   modFile   : /home/demostrona/domains/demo.stronazen.pl/public_html/nasz/vqmod/xml/Auto-SEO-keywords-URL.xml
   id        : Auto SEO Keywords
   version   : 1
   vqmver    : 
   author    : Creative Ground
SEARCH NOT FOUND (ABORTING MOD): name="keyword"

----------------------------------------------------------------------


---------- Date: 2014-09-18 10:52:12 ~ IP : 217.91.165.165 ----------
REQUEST URI : /nasz/admin/index.php?route=catalog/product/update&amp;token=c8673c992e55eae8830b4a0c1f381c2a&amp;product_id=146&amp;page=16
MOD DETAILS:
   modFile   : /home/demostrona/domains/demo.stronazen.pl/public_html/nasz/vqmod/xml/Auto-SEO-keywords-URL.xml
   id        : Auto SEO Keywords
   version   : 1
   vqmver    : 
   author    : Creative Ground
SEARCH NOT FOUND (ABORTING MOD): name="keyword"

----------------------------------------------------------------------


---------- Date: 2014-09-18 10:53:07 ~ IP : 217.91.165.165 ----------
REQUEST URI : /nasz/admin/index.php?route=catalog/product/update&amp;token=c8673c992e55eae8830b4a0c1f381c2a&amp;product_id=133&amp;page=16
MOD DETAILS:
   modFile   : /home/demostrona/domains/demo.stronazen.pl/public_html/nasz/vqmod/xml/Auto-SEO-keywords-URL.xml
   id        : Auto SEO Keywords
   version   : 1
   vqmver    : 
   author    : Creative Ground
SEARCH NOT FOUND (ABORTING MOD): name="keyword"

----------------------------------------------------------------------


---------- Date: 2014-09-18 10:54:04 ~ IP : 217.91.165.165 ----------
REQUEST URI : /nasz/admin/index.php?route=catalog/product/update&amp;token=c8673c992e55eae8830b4a0c1f381c2a&amp;product_id=132&amp;page=16
MOD DETAILS:
   modFile   : /home/demostrona/domains/demo.stronazen.pl/public_html/nasz/vqmod/xml/Auto-SEO-keywords-URL.xml
   id        : Auto SEO Keywords
   version   : 1
   vqmver    : 
   author    : Creative Ground
SEARCH NOT FOUND (ABORTING MOD): name="keyword"

----------------------------------------------------------------------


---------- Date: 2014-09-18 10:54:40 ~ IP : 217.91.165.165 ----------
REQUEST URI : /nasz/admin/index.php?route=catalog/product/update&amp;token=c8673c992e55eae8830b4a0c1f381c2a&amp;product_id=144&amp;page=16
MOD DETAILS:
   modFile   : /home/demostrona/domains/demo.stronazen.pl/public_html/nasz/vqmod/xml/Auto-SEO-keywords-URL.xml
   id        : Auto SEO Keywords
   version   : 1
   vqmver    : 
   author    : Creative Ground
SEARCH NOT FOUND (ABORTING MOD): name="keyword"

----------------------------------------------------------------------


---------- Date: 2014-09-18 11:35:38 ~ IP : 217.91.165.165 ----------
REQUEST URI : /nasz/admin/index.php?route=catalog/product/update&amp;token=c8673c992e55eae8830b4a0c1f381c2a&amp;product_id=692
MOD DETAILS:
   modFile   : /home/demostrona/domains/demo.stronazen.pl/public_html/nasz/vqmod/xml/Auto-SEO-keywords-URL.xml
   id        : Auto SEO Keywords
   version   : 1
   vqmver    : 
   author    : Creative Ground
SEARCH NOT FOUND (ABORTING MOD): name="keyword"

----------------------------------------------------------------------


---------- Date: 2014-09-18 12:22:19 ~ IP : 46.175.230.17 ----------
REQUEST URI : /nasz/admin/index.php?route=catalog/category/update&amp;token=3c7fbb8fccbe6bcabc6a3b906b58195c&amp;category_id=2&amp;page=2
MOD DETAILS:
   modFile   : /home/demostrona/domains/demo.stronazen.pl/public_html/nasz/vqmod/xml/Auto-SEO-keywords-URL.xml
   id        : Auto SEO Keywords
   version   : 1
   vqmver    : 
   author    : Creative Ground
SEARCH NOT FOUND (ABORTING MOD): name="keyword"

----------------------------------------------------------------------


---------- Date: 2014-09-18 12:49:36 ~ IP : 46.175.230.17 ----------
REQUEST URI : /nasz/admin/index.php?route=catalog/product/update&amp;token=3c7fbb8fccbe6bcabc6a3b906b58195c&amp;product_id=389
MOD DETAILS:
   modFile   : /home/demostrona/domains/demo.stronazen.pl/public_html/nasz/vqmod/xml/Auto-SEO-keywords-URL.xml
   id        : Auto SEO Keywords
   version   : 1
   vqmver    : 
   author    : Creative Ground
SEARCH NOT FOUND (ABORTING MOD): name="keyword"

----------------------------------------------------------------------


---------- Date: 2014-09-18 13:30:32 ~ IP : 46.175.230.17 ----------
REQUEST URI : /nasz/admin/index.php?route=catalog/category/update&amp;token=e8aa3d6afeeae5a77adec37c87b9d7f9&amp;category_id=6
MOD DETAILS:
   modFile   : /home/demostrona/domains/demo.stronazen.pl/public_html/nasz/vqmod/xml/Auto-SEO-keywords-URL.xml
   id        : Auto SEO Keywords
   version   : 1
   vqmver    : 
   author    : Creative Ground
SEARCH NOT FOUND (ABORTING MOD): name="keyword"

----------------------------------------------------------------------


---------- Date: 2014-09-18 16:37:25 ~ IP : 46.175.230.17 ----------
REQUEST URI : /nasz/admin/index.php?route=catalog/product/update&amp;token=180d12778bf64724a8ad9b3164c13b4d&amp;product_id=699
MOD DETAILS:
   modFile   : /home/demostrona/domains/demo.stronazen.pl/public_html/nasz/vqmod/xml/Auto-SEO-keywords-URL.xml
   id        : Auto SEO Keywords
   version   : 1
   vqmver    : 
   author    : Creative Ground
SEARCH NOT FOUND (ABORTING MOD): name="keyword"

----------------------------------------------------------------------


