---------- Date: 2014-10-14 14:19:59 ~ IP : 46.175.230.17 ----------
REQUEST URI : /rowery2/admin/index.php?route=catalog/category/update&amp;token=c899807eb3e0da878c1d0a1bc0c5ca27&amp;category_id=56
MOD DETAILS:
   modFile   : /home/demostrona/domains/demo.stronazen.pl/public_html/rowery2/vqmod/xml/Auto-SEO-keywords-URL.xml
   id        : Auto SEO Keywords
   version   : 1
   vqmver    : 
   author    : Creative Ground
SEARCH NOT FOUND (ABORTING MOD): name="keyword"

----------------------------------------------------------------------


---------- Date: 2014-10-14 14:21:48 ~ IP : 46.175.230.17 ----------
REQUEST URI : /rowery2/admin/index.php?route=catalog/category/update&amp;token=c899807eb3e0da878c1d0a1bc0c5ca27&amp;category_id=56
MOD DETAILS:
   modFile   : /home/demostrona/domains/demo.stronazen.pl/public_html/rowery2/vqmod/xml/Auto-SEO-keywords-URL.xml
   id        : Auto SEO Keywords
   version   : 1
   vqmver    : 
   author    : Creative Ground
SEARCH NOT FOUND (ABORTING MOD): name="keyword"

----------------------------------------------------------------------


---------- Date: 2014-10-14 14:22:10 ~ IP : 46.175.230.17 ----------
REQUEST URI : /rowery2/admin/index.php?route=catalog/product/update&amp;token=c899807eb3e0da878c1d0a1bc0c5ca27&amp;product_id=775
MOD DETAILS:
   modFile   : /home/demostrona/domains/demo.stronazen.pl/public_html/rowery2/vqmod/xml/Auto-SEO-keywords-URL.xml
   id        : Auto SEO Keywords
   version   : 1
   vqmver    : 
   author    : Creative Ground
SEARCH NOT FOUND (ABORTING MOD): name="keyword"

----------------------------------------------------------------------


---------- Date: 2014-10-14 14:25:50 ~ IP : 46.175.230.17 ----------
REQUEST URI : /rowery2/admin/index.php?route=catalog/category/update&amp;token=c899807eb3e0da878c1d0a1bc0c5ca27&amp;category_id=56
MOD DETAILS:
   modFile   : /home/demostrona/domains/demo.stronazen.pl/public_html/rowery2/vqmod/xml/Auto-SEO-keywords-URL.xml
   id        : Auto SEO Keywords
   version   : 1
   vqmver    : 
   author    : Creative Ground
SEARCH NOT FOUND (ABORTING MOD): name="keyword"

----------------------------------------------------------------------


---------- Date: 2014-10-14 14:26:32 ~ IP : 46.175.230.17 ----------
REQUEST URI : /rowery2/admin/index.php?route=catalog/product/update&amp;token=c899807eb3e0da878c1d0a1bc0c5ca27&amp;product_id=775
MOD DETAILS:
   modFile   : /home/demostrona/domains/demo.stronazen.pl/public_html/rowery2/vqmod/xml/Auto-SEO-keywords-URL.xml
   id        : Auto SEO Keywords
   version   : 1
   vqmver    : 
   author    : Creative Ground
SEARCH NOT FOUND (ABORTING MOD): name="keyword"

----------------------------------------------------------------------


