---------- Date: 2014-09-24 07:20:00 ~ IP : 87.177.163.101 ----------
REQUEST URI : /nasz/admin/index.php?route=catalog/product/update&amp;token=fbf043250b98bac9e8985e4f67cea827&amp;product_id=48&amp;page=28
MOD DETAILS:
   modFile   : /home/demostrona/domains/demo.stronazen.pl/public_html/nasz/vqmod/xml/Auto-SEO-keywords-URL.xml
   id        : Auto SEO Keywords
   version   : 1
   vqmver    : 
   author    : Creative Ground
SEARCH NOT FOUND (ABORTING MOD): name="keyword"

----------------------------------------------------------------------


---------- Date: 2014-09-24 07:20:16 ~ IP : 87.177.163.101 ----------
REQUEST URI : /nasz/admin/index.php?route=catalog/product/update&amp;token=fbf043250b98bac9e8985e4f67cea827&amp;product_id=16&amp;page=28
MOD DETAILS:
   modFile   : /home/demostrona/domains/demo.stronazen.pl/public_html/nasz/vqmod/xml/Auto-SEO-keywords-URL.xml
   id        : Auto SEO Keywords
   version   : 1
   vqmver    : 
   author    : Creative Ground
SEARCH NOT FOUND (ABORTING MOD): name="keyword"

----------------------------------------------------------------------


---------- Date: 2014-09-24 07:20:46 ~ IP : 87.177.163.101 ----------
REQUEST URI : /nasz/admin/index.php?route=catalog/product/update&amp;token=fbf043250b98bac9e8985e4f67cea827&amp;product_id=328&amp;page=29
MOD DETAILS:
   modFile   : /home/demostrona/domains/demo.stronazen.pl/public_html/nasz/vqmod/xml/Auto-SEO-keywords-URL.xml
   id        : Auto SEO Keywords
   version   : 1
   vqmver    : 
   author    : Creative Ground
SEARCH NOT FOUND (ABORTING MOD): name="keyword"

----------------------------------------------------------------------


---------- Date: 2014-09-24 07:20:58 ~ IP : 87.177.163.101 ----------
REQUEST URI : /nasz/admin/index.php?route=catalog/product/update&amp;token=fbf043250b98bac9e8985e4f67cea827&amp;product_id=355&amp;page=29
MOD DETAILS:
   modFile   : /home/demostrona/domains/demo.stronazen.pl/public_html/nasz/vqmod/xml/Auto-SEO-keywords-URL.xml
   id        : Auto SEO Keywords
   version   : 1
   vqmver    : 
   author    : Creative Ground
SEARCH NOT FOUND (ABORTING MOD): name="keyword"

----------------------------------------------------------------------


---------- Date: 2014-09-24 07:21:35 ~ IP : 87.177.163.101 ----------
REQUEST URI : /nasz/admin/index.php?route=catalog/product/update&amp;token=fbf043250b98bac9e8985e4f67cea827&amp;product_id=343&amp;page=29
MOD DETAILS:
   modFile   : /home/demostrona/domains/demo.stronazen.pl/public_html/nasz/vqmod/xml/Auto-SEO-keywords-URL.xml
   id        : Auto SEO Keywords
   version   : 1
   vqmver    : 
   author    : Creative Ground
SEARCH NOT FOUND (ABORTING MOD): name="keyword"

----------------------------------------------------------------------


---------- Date: 2014-09-24 07:22:24 ~ IP : 87.177.163.101 ----------
REQUEST URI : /nasz/admin/index.php?route=catalog/product/update&amp;token=fbf043250b98bac9e8985e4f67cea827&amp;product_id=356&amp;page=29
MOD DETAILS:
   modFile   : /home/demostrona/domains/demo.stronazen.pl/public_html/nasz/vqmod/xml/Auto-SEO-keywords-URL.xml
   id        : Auto SEO Keywords
   version   : 1
   vqmver    : 
   author    : Creative Ground
SEARCH NOT FOUND (ABORTING MOD): name="keyword"

----------------------------------------------------------------------


---------- Date: 2014-09-24 07:23:01 ~ IP : 87.177.163.101 ----------
REQUEST URI : /nasz/admin/index.php?route=catalog/product/update&amp;token=fbf043250b98bac9e8985e4f67cea827&amp;product_id=120&amp;page=29
MOD DETAILS:
   modFile   : /home/demostrona/domains/demo.stronazen.pl/public_html/nasz/vqmod/xml/Auto-SEO-keywords-URL.xml
   id        : Auto SEO Keywords
   version   : 1
   vqmver    : 
   author    : Creative Ground
SEARCH NOT FOUND (ABORTING MOD): name="keyword"

----------------------------------------------------------------------


---------- Date: 2014-09-24 07:24:40 ~ IP : 87.177.163.101 ----------
REQUEST URI : /nasz/admin/index.php?route=catalog/product/update&amp;token=fbf043250b98bac9e8985e4f67cea827&amp;product_id=604&amp;page=29
MOD DETAILS:
   modFile   : /home/demostrona/domains/demo.stronazen.pl/public_html/nasz/vqmod/xml/Auto-SEO-keywords-URL.xml
   id        : Auto SEO Keywords
   version   : 1
   vqmver    : 
   author    : Creative Ground
SEARCH NOT FOUND (ABORTING MOD): name="keyword"

----------------------------------------------------------------------


---------- Date: 2014-09-24 07:24:41 ~ IP : 87.177.163.101 ----------
REQUEST URI : /nasz/admin/index.php?route=catalog/product/update&amp;token=fbf043250b98bac9e8985e4f67cea827&amp;product_id=15&amp;page=29
MOD DETAILS:
   modFile   : /home/demostrona/domains/demo.stronazen.pl/public_html/nasz/vqmod/xml/Auto-SEO-keywords-URL.xml
   id        : Auto SEO Keywords
   version   : 1
   vqmver    : 
   author    : Creative Ground
SEARCH NOT FOUND (ABORTING MOD): name="keyword"

----------------------------------------------------------------------


---------- Date: 2014-09-24 07:25:41 ~ IP : 87.177.163.101 ----------
REQUEST URI : /nasz/admin/index.php?route=catalog/product/update&amp;token=fbf043250b98bac9e8985e4f67cea827&amp;product_id=544&amp;page=30
MOD DETAILS:
   modFile   : /home/demostrona/domains/demo.stronazen.pl/public_html/nasz/vqmod/xml/Auto-SEO-keywords-URL.xml
   id        : Auto SEO Keywords
   version   : 1
   vqmver    : 
   author    : Creative Ground
SEARCH NOT FOUND (ABORTING MOD): name="keyword"

----------------------------------------------------------------------


---------- Date: 2014-09-24 07:25:42 ~ IP : 87.177.163.101 ----------
REQUEST URI : /nasz/admin/index.php?route=catalog/product/update&amp;token=fbf043250b98bac9e8985e4f67cea827&amp;product_id=542&amp;page=30
MOD DETAILS:
   modFile   : /home/demostrona/domains/demo.stronazen.pl/public_html/nasz/vqmod/xml/Auto-SEO-keywords-URL.xml
   id        : Auto SEO Keywords
   version   : 1
   vqmver    : 
   author    : Creative Ground
SEARCH NOT FOUND (ABORTING MOD): name="keyword"

----------------------------------------------------------------------


---------- Date: 2014-09-24 07:25:44 ~ IP : 87.177.163.101 ----------
REQUEST URI : /nasz/admin/index.php?route=catalog/product/update&amp;token=fbf043250b98bac9e8985e4f67cea827&amp;product_id=331&amp;page=30
MOD DETAILS:
   modFile   : /home/demostrona/domains/demo.stronazen.pl/public_html/nasz/vqmod/xml/Auto-SEO-keywords-URL.xml
   id        : Auto SEO Keywords
   version   : 1
   vqmver    : 
   author    : Creative Ground
SEARCH NOT FOUND (ABORTING MOD): name="keyword"

----------------------------------------------------------------------


---------- Date: 2014-09-24 07:25:45 ~ IP : 87.177.163.101 ----------
REQUEST URI : /nasz/admin/index.php?route=catalog/product/update&amp;token=fbf043250b98bac9e8985e4f67cea827&amp;product_id=353&amp;page=30
MOD DETAILS:
   modFile   : /home/demostrona/domains/demo.stronazen.pl/public_html/nasz/vqmod/xml/Auto-SEO-keywords-URL.xml
   id        : Auto SEO Keywords
   version   : 1
   vqmver    : 
   author    : Creative Ground
SEARCH NOT FOUND (ABORTING MOD): name="keyword"

----------------------------------------------------------------------


---------- Date: 2014-09-24 07:25:47 ~ IP : 87.177.163.101 ----------
REQUEST URI : /nasz/admin/index.php?route=catalog/product/update&amp;token=fbf043250b98bac9e8985e4f67cea827&amp;product_id=718&amp;page=30
MOD DETAILS:
   modFile   : /home/demostrona/domains/demo.stronazen.pl/public_html/nasz/vqmod/xml/Auto-SEO-keywords-URL.xml
   id        : Auto SEO Keywords
   version   : 1
   vqmver    : 
   author    : Creative Ground
SEARCH NOT FOUND (ABORTING MOD): name="keyword"

----------------------------------------------------------------------


---------- Date: 2014-09-24 07:25:53 ~ IP : 87.177.163.101 ----------
REQUEST URI : /nasz/admin/index.php?route=catalog/product/update&amp;token=fbf043250b98bac9e8985e4f67cea827&amp;product_id=722&amp;page=30
MOD DETAILS:
   modFile   : /home/demostrona/domains/demo.stronazen.pl/public_html/nasz/vqmod/xml/Auto-SEO-keywords-URL.xml
   id        : Auto SEO Keywords
   version   : 1
   vqmver    : 
   author    : Creative Ground
SEARCH NOT FOUND (ABORTING MOD): name="keyword"

----------------------------------------------------------------------


---------- Date: 2014-09-24 07:25:54 ~ IP : 87.177.163.101 ----------
REQUEST URI : /nasz/admin/index.php?route=catalog/product/update&amp;token=fbf043250b98bac9e8985e4f67cea827&amp;product_id=723&amp;page=30
MOD DETAILS:
   modFile   : /home/demostrona/domains/demo.stronazen.pl/public_html/nasz/vqmod/xml/Auto-SEO-keywords-URL.xml
   id        : Auto SEO Keywords
   version   : 1
   vqmver    : 
   author    : Creative Ground
SEARCH NOT FOUND (ABORTING MOD): name="keyword"

----------------------------------------------------------------------


---------- Date: 2014-09-24 07:25:56 ~ IP : 87.177.163.101 ----------
REQUEST URI : /nasz/admin/index.php?route=catalog/product/update&amp;token=fbf043250b98bac9e8985e4f67cea827&amp;product_id=440&amp;page=30
MOD DETAILS:
   modFile   : /home/demostrona/domains/demo.stronazen.pl/public_html/nasz/vqmod/xml/Auto-SEO-keywords-URL.xml
   id        : Auto SEO Keywords
   version   : 1
   vqmver    : 
   author    : Creative Ground
SEARCH NOT FOUND (ABORTING MOD): name="keyword"

----------------------------------------------------------------------


---------- Date: 2014-09-24 07:25:58 ~ IP : 87.177.163.101 ----------
REQUEST URI : /nasz/admin/index.php?route=catalog/product/update&amp;token=fbf043250b98bac9e8985e4f67cea827&amp;product_id=716&amp;page=30
MOD DETAILS:
   modFile   : /home/demostrona/domains/demo.stronazen.pl/public_html/nasz/vqmod/xml/Auto-SEO-keywords-URL.xml
   id        : Auto SEO Keywords
   version   : 1
   vqmver    : 
   author    : Creative Ground
SEARCH NOT FOUND (ABORTING MOD): name="keyword"

----------------------------------------------------------------------


---------- Date: 2014-09-24 07:25:59 ~ IP : 87.177.163.101 ----------
REQUEST URI : /nasz/admin/index.php?route=catalog/product/update&amp;token=fbf043250b98bac9e8985e4f67cea827&amp;product_id=717&amp;page=30
MOD DETAILS:
   modFile   : /home/demostrona/domains/demo.stronazen.pl/public_html/nasz/vqmod/xml/Auto-SEO-keywords-URL.xml
   id        : Auto SEO Keywords
   version   : 1
   vqmver    : 
   author    : Creative Ground
SEARCH NOT FOUND (ABORTING MOD): name="keyword"

----------------------------------------------------------------------


---------- Date: 2014-09-24 07:26:01 ~ IP : 87.177.163.101 ----------
REQUEST URI : /nasz/admin/index.php?route=catalog/product/update&amp;token=fbf043250b98bac9e8985e4f67cea827&amp;product_id=239&amp;page=30
MOD DETAILS:
   modFile   : /home/demostrona/domains/demo.stronazen.pl/public_html/nasz/vqmod/xml/Auto-SEO-keywords-URL.xml
   id        : Auto SEO Keywords
   version   : 1
   vqmver    : 
   author    : Creative Ground
SEARCH NOT FOUND (ABORTING MOD): name="keyword"

----------------------------------------------------------------------


---------- Date: 2014-09-24 07:26:03 ~ IP : 87.177.163.101 ----------
REQUEST URI : /nasz/admin/index.php?route=catalog/product/update&amp;token=fbf043250b98bac9e8985e4f67cea827&amp;product_id=321&amp;page=30
MOD DETAILS:
   modFile   : /home/demostrona/domains/demo.stronazen.pl/public_html/nasz/vqmod/xml/Auto-SEO-keywords-URL.xml
   id        : Auto SEO Keywords
   version   : 1
   vqmver    : 
   author    : Creative Ground
SEARCH NOT FOUND (ABORTING MOD): name="keyword"

----------------------------------------------------------------------


---------- Date: 2014-09-24 07:26:05 ~ IP : 87.177.163.101 ----------
REQUEST URI : /nasz/admin/index.php?route=catalog/product/update&amp;token=fbf043250b98bac9e8985e4f67cea827&amp;product_id=609&amp;page=30
MOD DETAILS:
   modFile   : /home/demostrona/domains/demo.stronazen.pl/public_html/nasz/vqmod/xml/Auto-SEO-keywords-URL.xml
   id        : Auto SEO Keywords
   version   : 1
   vqmver    : 
   author    : Creative Ground
SEARCH NOT FOUND (ABORTING MOD): name="keyword"

----------------------------------------------------------------------


---------- Date: 2014-09-24 07:26:06 ~ IP : 87.177.163.101 ----------
REQUEST URI : /nasz/admin/index.php?route=catalog/product/update&amp;token=fbf043250b98bac9e8985e4f67cea827&amp;product_id=747&amp;page=30
MOD DETAILS:
   modFile   : /home/demostrona/domains/demo.stronazen.pl/public_html/nasz/vqmod/xml/Auto-SEO-keywords-URL.xml
   id        : Auto SEO Keywords
   version   : 1
   vqmver    : 
   author    : Creative Ground
SEARCH NOT FOUND (ABORTING MOD): name="keyword"

----------------------------------------------------------------------


---------- Date: 2014-09-24 07:26:09 ~ IP : 87.177.163.101 ----------
REQUEST URI : /nasz/admin/index.php?route=catalog/product/update&amp;token=fbf043250b98bac9e8985e4f67cea827&amp;product_id=748&amp;page=30
MOD DETAILS:
   modFile   : /home/demostrona/domains/demo.stronazen.pl/public_html/nasz/vqmod/xml/Auto-SEO-keywords-URL.xml
   id        : Auto SEO Keywords
   version   : 1
   vqmver    : 
   author    : Creative Ground
SEARCH NOT FOUND (ABORTING MOD): name="keyword"

----------------------------------------------------------------------


---------- Date: 2014-09-24 07:26:28 ~ IP : 87.177.163.101 ----------
REQUEST URI : /nasz/admin/index.php?route=catalog/product/update&amp;token=fbf043250b98bac9e8985e4f67cea827&amp;product_id=176&amp;page=30
MOD DETAILS:
   modFile   : /home/demostrona/domains/demo.stronazen.pl/public_html/nasz/vqmod/xml/Auto-SEO-keywords-URL.xml
   id        : Auto SEO Keywords
   version   : 1
   vqmver    : 
   author    : Creative Ground
SEARCH NOT FOUND (ABORTING MOD): name="keyword"

----------------------------------------------------------------------


---------- Date: 2014-09-24 07:26:31 ~ IP : 87.177.163.101 ----------
REQUEST URI : /nasz/admin/index.php?route=catalog/product/update&amp;token=fbf043250b98bac9e8985e4f67cea827&amp;product_id=753&amp;page=30
MOD DETAILS:
   modFile   : /home/demostrona/domains/demo.stronazen.pl/public_html/nasz/vqmod/xml/Auto-SEO-keywords-URL.xml
   id        : Auto SEO Keywords
   version   : 1
   vqmver    : 
   author    : Creative Ground
SEARCH NOT FOUND (ABORTING MOD): name="keyword"

----------------------------------------------------------------------


---------- Date: 2014-09-24 07:26:35 ~ IP : 87.177.163.101 ----------
REQUEST URI : /nasz/admin/index.php?route=catalog/product/update&amp;token=fbf043250b98bac9e8985e4f67cea827&amp;product_id=610&amp;page=30
MOD DETAILS:
   modFile   : /home/demostrona/domains/demo.stronazen.pl/public_html/nasz/vqmod/xml/Auto-SEO-keywords-URL.xml
   id        : Auto SEO Keywords
   version   : 1
   vqmver    : 
   author    : Creative Ground
SEARCH NOT FOUND (ABORTING MOD): name="keyword"

----------------------------------------------------------------------


---------- Date: 2014-09-24 07:26:38 ~ IP : 87.177.163.101 ----------
REQUEST URI : /nasz/admin/index.php?route=catalog/product/update&amp;token=fbf043250b98bac9e8985e4f67cea827&amp;product_id=754&amp;page=30
MOD DETAILS:
   modFile   : /home/demostrona/domains/demo.stronazen.pl/public_html/nasz/vqmod/xml/Auto-SEO-keywords-URL.xml
   id        : Auto SEO Keywords
   version   : 1
   vqmver    : 
   author    : Creative Ground
SEARCH NOT FOUND (ABORTING MOD): name="keyword"

----------------------------------------------------------------------


---------- Date: 2014-09-24 07:36:01 ~ IP : 87.177.163.101 ----------
REQUEST URI : /nasz/admin/index.php?route=catalog/product/update&amp;token=fbf043250b98bac9e8985e4f67cea827&amp;product_id=752&amp;page=31
MOD DETAILS:
   modFile   : /home/demostrona/domains/demo.stronazen.pl/public_html/nasz/vqmod/xml/Auto-SEO-keywords-URL.xml
   id        : Auto SEO Keywords
   version   : 1
   vqmver    : 
   author    : Creative Ground
SEARCH NOT FOUND (ABORTING MOD): name="keyword"

----------------------------------------------------------------------


---------- Date: 2014-09-24 07:36:02 ~ IP : 87.177.163.101 ----------
REQUEST URI : /nasz/admin/index.php?route=catalog/product/update&amp;token=fbf043250b98bac9e8985e4f67cea827&amp;product_id=750&amp;page=31
MOD DETAILS:
   modFile   : /home/demostrona/domains/demo.stronazen.pl/public_html/nasz/vqmod/xml/Auto-SEO-keywords-URL.xml
   id        : Auto SEO Keywords
   version   : 1
   vqmver    : 
   author    : Creative Ground
SEARCH NOT FOUND (ABORTING MOD): name="keyword"

----------------------------------------------------------------------


---------- Date: 2014-09-24 07:36:04 ~ IP : 87.177.163.101 ----------
REQUEST URI : /nasz/admin/index.php?route=catalog/product/update&amp;token=fbf043250b98bac9e8985e4f67cea827&amp;product_id=751&amp;page=31
MOD DETAILS:
   modFile   : /home/demostrona/domains/demo.stronazen.pl/public_html/nasz/vqmod/xml/Auto-SEO-keywords-URL.xml
   id        : Auto SEO Keywords
   version   : 1
   vqmver    : 
   author    : Creative Ground
SEARCH NOT FOUND (ABORTING MOD): name="keyword"

----------------------------------------------------------------------


---------- Date: 2014-09-24 07:36:06 ~ IP : 87.177.163.101 ----------
REQUEST URI : /nasz/admin/index.php?route=catalog/product/update&amp;token=fbf043250b98bac9e8985e4f67cea827&amp;product_id=755&amp;page=31
MOD DETAILS:
   modFile   : /home/demostrona/domains/demo.stronazen.pl/public_html/nasz/vqmod/xml/Auto-SEO-keywords-URL.xml
   id        : Auto SEO Keywords
   version   : 1
   vqmver    : 
   author    : Creative Ground
SEARCH NOT FOUND (ABORTING MOD): name="keyword"

----------------------------------------------------------------------


---------- Date: 2014-09-24 07:36:07 ~ IP : 87.177.163.101 ----------
REQUEST URI : /nasz/admin/index.php?route=catalog/product/update&amp;token=fbf043250b98bac9e8985e4f67cea827&amp;product_id=772&amp;page=31
MOD DETAILS:
   modFile   : /home/demostrona/domains/demo.stronazen.pl/public_html/nasz/vqmod/xml/Auto-SEO-keywords-URL.xml
   id        : Auto SEO Keywords
   version   : 1
   vqmver    : 
   author    : Creative Ground
SEARCH NOT FOUND (ABORTING MOD): name="keyword"

----------------------------------------------------------------------


---------- Date: 2014-09-24 07:36:09 ~ IP : 87.177.163.101 ----------
REQUEST URI : /nasz/admin/index.php?route=catalog/product/update&amp;token=fbf043250b98bac9e8985e4f67cea827&amp;product_id=771&amp;page=31
MOD DETAILS:
   modFile   : /home/demostrona/domains/demo.stronazen.pl/public_html/nasz/vqmod/xml/Auto-SEO-keywords-URL.xml
   id        : Auto SEO Keywords
   version   : 1
   vqmver    : 
   author    : Creative Ground
SEARCH NOT FOUND (ABORTING MOD): name="keyword"

----------------------------------------------------------------------


---------- Date: 2014-09-24 07:36:12 ~ IP : 87.177.163.101 ----------
REQUEST URI : /nasz/admin/index.php?route=catalog/product/update&amp;token=fbf043250b98bac9e8985e4f67cea827&amp;product_id=179&amp;page=31
MOD DETAILS:
   modFile   : /home/demostrona/domains/demo.stronazen.pl/public_html/nasz/vqmod/xml/Auto-SEO-keywords-URL.xml
   id        : Auto SEO Keywords
   version   : 1
   vqmver    : 
   author    : Creative Ground
SEARCH NOT FOUND (ABORTING MOD): name="keyword"

----------------------------------------------------------------------


---------- Date: 2014-09-24 07:36:14 ~ IP : 87.177.163.101 ----------
REQUEST URI : /nasz/admin/index.php?route=catalog/product/update&amp;token=fbf043250b98bac9e8985e4f67cea827&amp;product_id=178&amp;page=31
MOD DETAILS:
   modFile   : /home/demostrona/domains/demo.stronazen.pl/public_html/nasz/vqmod/xml/Auto-SEO-keywords-URL.xml
   id        : Auto SEO Keywords
   version   : 1
   vqmver    : 
   author    : Creative Ground
SEARCH NOT FOUND (ABORTING MOD): name="keyword"

----------------------------------------------------------------------


---------- Date: 2014-09-24 07:36:21 ~ IP : 87.177.163.101 ----------
REQUEST URI : /nasz/admin/index.php?route=catalog/product/update&amp;token=fbf043250b98bac9e8985e4f67cea827&amp;product_id=177&amp;page=31
MOD DETAILS:
   modFile   : /home/demostrona/domains/demo.stronazen.pl/public_html/nasz/vqmod/xml/Auto-SEO-keywords-URL.xml
   id        : Auto SEO Keywords
   version   : 1
   vqmver    : 
   author    : Creative Ground
SEARCH NOT FOUND (ABORTING MOD): name="keyword"

----------------------------------------------------------------------


---------- Date: 2014-09-24 07:36:22 ~ IP : 87.177.163.101 ----------
REQUEST URI : /nasz/admin/index.php?route=catalog/product/update&amp;token=fbf043250b98bac9e8985e4f67cea827&amp;product_id=721&amp;page=31
MOD DETAILS:
   modFile   : /home/demostrona/domains/demo.stronazen.pl/public_html/nasz/vqmod/xml/Auto-SEO-keywords-URL.xml
   id        : Auto SEO Keywords
   version   : 1
   vqmver    : 
   author    : Creative Ground
SEARCH NOT FOUND (ABORTING MOD): name="keyword"

----------------------------------------------------------------------


---------- Date: 2014-09-24 07:36:24 ~ IP : 87.177.163.101 ----------
REQUEST URI : /nasz/admin/index.php?route=catalog/product/update&amp;token=fbf043250b98bac9e8985e4f67cea827&amp;product_id=720&amp;page=31
MOD DETAILS:
   modFile   : /home/demostrona/domains/demo.stronazen.pl/public_html/nasz/vqmod/xml/Auto-SEO-keywords-URL.xml
   id        : Auto SEO Keywords
   version   : 1
   vqmver    : 
   author    : Creative Ground
SEARCH NOT FOUND (ABORTING MOD): name="keyword"

----------------------------------------------------------------------


---------- Date: 2014-09-24 07:36:26 ~ IP : 87.177.163.101 ----------
REQUEST URI : /nasz/admin/index.php?route=catalog/product/update&amp;token=fbf043250b98bac9e8985e4f67cea827&amp;product_id=136&amp;page=31
MOD DETAILS:
   modFile   : /home/demostrona/domains/demo.stronazen.pl/public_html/nasz/vqmod/xml/Auto-SEO-keywords-URL.xml
   id        : Auto SEO Keywords
   version   : 1
   vqmver    : 
   author    : Creative Ground
SEARCH NOT FOUND (ABORTING MOD): name="keyword"

----------------------------------------------------------------------


---------- Date: 2014-09-24 07:36:35 ~ IP : 87.177.163.101 ----------
REQUEST URI : /nasz/admin/index.php?route=catalog/product/update&amp;token=fbf043250b98bac9e8985e4f67cea827&amp;product_id=151&amp;page=31
MOD DETAILS:
   modFile   : /home/demostrona/domains/demo.stronazen.pl/public_html/nasz/vqmod/xml/Auto-SEO-keywords-URL.xml
   id        : Auto SEO Keywords
   version   : 1
   vqmver    : 
   author    : Creative Ground
SEARCH NOT FOUND (ABORTING MOD): name="keyword"

----------------------------------------------------------------------


---------- Date: 2014-09-24 07:36:37 ~ IP : 87.177.163.101 ----------
REQUEST URI : /nasz/admin/index.php?route=catalog/product/update&amp;token=fbf043250b98bac9e8985e4f67cea827&amp;product_id=150&amp;page=31
MOD DETAILS:
   modFile   : /home/demostrona/domains/demo.stronazen.pl/public_html/nasz/vqmod/xml/Auto-SEO-keywords-URL.xml
   id        : Auto SEO Keywords
   version   : 1
   vqmver    : 
   author    : Creative Ground
SEARCH NOT FOUND (ABORTING MOD): name="keyword"

----------------------------------------------------------------------


---------- Date: 2014-09-24 07:36:39 ~ IP : 87.177.163.101 ----------
REQUEST URI : /nasz/admin/index.php?route=catalog/product/update&amp;token=fbf043250b98bac9e8985e4f67cea827&amp;product_id=154&amp;page=31
MOD DETAILS:
   modFile   : /home/demostrona/domains/demo.stronazen.pl/public_html/nasz/vqmod/xml/Auto-SEO-keywords-URL.xml
   id        : Auto SEO Keywords
   version   : 1
   vqmver    : 
   author    : Creative Ground
SEARCH NOT FOUND (ABORTING MOD): name="keyword"

----------------------------------------------------------------------


---------- Date: 2014-09-24 07:36:41 ~ IP : 87.177.163.101 ----------
REQUEST URI : /nasz/admin/index.php?route=catalog/product/update&amp;token=fbf043250b98bac9e8985e4f67cea827&amp;product_id=767&amp;page=31
MOD DETAILS:
   modFile   : /home/demostrona/domains/demo.stronazen.pl/public_html/nasz/vqmod/xml/Auto-SEO-keywords-URL.xml
   id        : Auto SEO Keywords
   version   : 1
   vqmver    : 
   author    : Creative Ground
SEARCH NOT FOUND (ABORTING MOD): name="keyword"

----------------------------------------------------------------------


---------- Date: 2014-09-24 07:36:42 ~ IP : 87.177.163.101 ----------
REQUEST URI : /nasz/admin/index.php?route=catalog/product/update&amp;token=fbf043250b98bac9e8985e4f67cea827&amp;product_id=769&amp;page=31
MOD DETAILS:
   modFile   : /home/demostrona/domains/demo.stronazen.pl/public_html/nasz/vqmod/xml/Auto-SEO-keywords-URL.xml
   id        : Auto SEO Keywords
   version   : 1
   vqmver    : 
   author    : Creative Ground
SEARCH NOT FOUND (ABORTING MOD): name="keyword"

----------------------------------------------------------------------


---------- Date: 2014-09-24 07:36:44 ~ IP : 87.177.163.101 ----------
REQUEST URI : /nasz/admin/index.php?route=catalog/product/update&amp;token=fbf043250b98bac9e8985e4f67cea827&amp;product_id=764&amp;page=31
MOD DETAILS:
   modFile   : /home/demostrona/domains/demo.stronazen.pl/public_html/nasz/vqmod/xml/Auto-SEO-keywords-URL.xml
   id        : Auto SEO Keywords
   version   : 1
   vqmver    : 
   author    : Creative Ground
SEARCH NOT FOUND (ABORTING MOD): name="keyword"

----------------------------------------------------------------------


---------- Date: 2014-09-24 07:36:46 ~ IP : 87.177.163.101 ----------
REQUEST URI : /nasz/admin/index.php?route=catalog/product/update&amp;token=fbf043250b98bac9e8985e4f67cea827&amp;product_id=766&amp;page=31
MOD DETAILS:
   modFile   : /home/demostrona/domains/demo.stronazen.pl/public_html/nasz/vqmod/xml/Auto-SEO-keywords-URL.xml
   id        : Auto SEO Keywords
   version   : 1
   vqmver    : 
   author    : Creative Ground
SEARCH NOT FOUND (ABORTING MOD): name="keyword"

----------------------------------------------------------------------


---------- Date: 2014-09-24 07:46:19 ~ IP : 87.177.163.101 ----------
REQUEST URI : /nasz/admin/index.php?route=catalog/product/update&amp;token=fbf043250b98bac9e8985e4f67cea827&amp;product_id=768&amp;page=32
MOD DETAILS:
   modFile   : /home/demostrona/domains/demo.stronazen.pl/public_html/nasz/vqmod/xml/Auto-SEO-keywords-URL.xml
   id        : Auto SEO Keywords
   version   : 1
   vqmver    : 
   author    : Creative Ground
SEARCH NOT FOUND (ABORTING MOD): name="keyword"

----------------------------------------------------------------------


---------- Date: 2014-09-24 07:46:20 ~ IP : 87.177.163.101 ----------
REQUEST URI : /nasz/admin/index.php?route=catalog/product/update&amp;token=fbf043250b98bac9e8985e4f67cea827&amp;product_id=765&amp;page=32
MOD DETAILS:
   modFile   : /home/demostrona/domains/demo.stronazen.pl/public_html/nasz/vqmod/xml/Auto-SEO-keywords-URL.xml
   id        : Auto SEO Keywords
   version   : 1
   vqmver    : 
   author    : Creative Ground
SEARCH NOT FOUND (ABORTING MOD): name="keyword"

----------------------------------------------------------------------


---------- Date: 2014-09-24 07:46:21 ~ IP : 87.177.163.101 ----------
REQUEST URI : /nasz/admin/index.php?route=catalog/product/update&amp;token=fbf043250b98bac9e8985e4f67cea827&amp;product_id=770&amp;page=32
MOD DETAILS:
   modFile   : /home/demostrona/domains/demo.stronazen.pl/public_html/nasz/vqmod/xml/Auto-SEO-keywords-URL.xml
   id        : Auto SEO Keywords
   version   : 1
   vqmver    : 
   author    : Creative Ground
SEARCH NOT FOUND (ABORTING MOD): name="keyword"

----------------------------------------------------------------------


---------- Date: 2014-09-24 07:46:23 ~ IP : 87.177.163.101 ----------
REQUEST URI : /nasz/admin/index.php?route=catalog/product/update&amp;token=fbf043250b98bac9e8985e4f67cea827&amp;product_id=758&amp;page=32
MOD DETAILS:
   modFile   : /home/demostrona/domains/demo.stronazen.pl/public_html/nasz/vqmod/xml/Auto-SEO-keywords-URL.xml
   id        : Auto SEO Keywords
   version   : 1
   vqmver    : 
   author    : Creative Ground
SEARCH NOT FOUND (ABORTING MOD): name="keyword"

----------------------------------------------------------------------


---------- Date: 2014-09-24 07:46:24 ~ IP : 87.177.163.101 ----------
REQUEST URI : /nasz/admin/index.php?route=catalog/product/update&amp;token=fbf043250b98bac9e8985e4f67cea827&amp;product_id=759&amp;page=32
MOD DETAILS:
   modFile   : /home/demostrona/domains/demo.stronazen.pl/public_html/nasz/vqmod/xml/Auto-SEO-keywords-URL.xml
   id        : Auto SEO Keywords
   version   : 1
   vqmver    : 
   author    : Creative Ground
SEARCH NOT FOUND (ABORTING MOD): name="keyword"

----------------------------------------------------------------------


---------- Date: 2014-09-24 07:46:27 ~ IP : 87.177.163.101 ----------
REQUEST URI : /nasz/admin/index.php?route=catalog/product/update&amp;token=fbf043250b98bac9e8985e4f67cea827&amp;product_id=183&amp;page=32
MOD DETAILS:
   modFile   : /home/demostrona/domains/demo.stronazen.pl/public_html/nasz/vqmod/xml/Auto-SEO-keywords-URL.xml
   id        : Auto SEO Keywords
   version   : 1
   vqmver    : 
   author    : Creative Ground
SEARCH NOT FOUND (ABORTING MOD): name="keyword"

----------------------------------------------------------------------


---------- Date: 2014-09-24 07:46:35 ~ IP : 87.177.163.101 ----------
REQUEST URI : /nasz/admin/index.php?route=catalog/product/update&amp;token=fbf043250b98bac9e8985e4f67cea827&amp;product_id=756&amp;page=32
MOD DETAILS:
   modFile   : /home/demostrona/domains/demo.stronazen.pl/public_html/nasz/vqmod/xml/Auto-SEO-keywords-URL.xml
   id        : Auto SEO Keywords
   version   : 1
   vqmver    : 
   author    : Creative Ground
SEARCH NOT FOUND (ABORTING MOD): name="keyword"

----------------------------------------------------------------------


---------- Date: 2014-09-24 07:46:36 ~ IP : 87.177.163.101 ----------
REQUEST URI : /nasz/admin/index.php?route=catalog/product/update&amp;token=fbf043250b98bac9e8985e4f67cea827&amp;product_id=757&amp;page=32
MOD DETAILS:
   modFile   : /home/demostrona/domains/demo.stronazen.pl/public_html/nasz/vqmod/xml/Auto-SEO-keywords-URL.xml
   id        : Auto SEO Keywords
   version   : 1
   vqmver    : 
   author    : Creative Ground
SEARCH NOT FOUND (ABORTING MOD): name="keyword"

----------------------------------------------------------------------


---------- Date: 2014-09-24 07:46:37 ~ IP : 87.177.163.101 ----------
REQUEST URI : /nasz/admin/index.php?route=catalog/product/update&amp;token=fbf043250b98bac9e8985e4f67cea827&amp;product_id=760&amp;page=32
MOD DETAILS:
   modFile   : /home/demostrona/domains/demo.stronazen.pl/public_html/nasz/vqmod/xml/Auto-SEO-keywords-URL.xml
   id        : Auto SEO Keywords
   version   : 1
   vqmver    : 
   author    : Creative Ground
SEARCH NOT FOUND (ABORTING MOD): name="keyword"

----------------------------------------------------------------------


---------- Date: 2014-09-24 07:46:38 ~ IP : 87.177.163.101 ----------
REQUEST URI : /nasz/admin/index.php?route=catalog/product/update&amp;token=fbf043250b98bac9e8985e4f67cea827&amp;product_id=761&amp;page=32
MOD DETAILS:
   modFile   : /home/demostrona/domains/demo.stronazen.pl/public_html/nasz/vqmod/xml/Auto-SEO-keywords-URL.xml
   id        : Auto SEO Keywords
   version   : 1
   vqmver    : 
   author    : Creative Ground
SEARCH NOT FOUND (ABORTING MOD): name="keyword"

----------------------------------------------------------------------


---------- Date: 2014-09-24 07:46:39 ~ IP : 87.177.163.101 ----------
REQUEST URI : /nasz/admin/index.php?route=catalog/product/update&amp;token=fbf043250b98bac9e8985e4f67cea827&amp;product_id=367&amp;page=32
MOD DETAILS:
   modFile   : /home/demostrona/domains/demo.stronazen.pl/public_html/nasz/vqmod/xml/Auto-SEO-keywords-URL.xml
   id        : Auto SEO Keywords
   version   : 1
   vqmver    : 
   author    : Creative Ground
SEARCH NOT FOUND (ABORTING MOD): name="keyword"

----------------------------------------------------------------------


---------- Date: 2014-09-24 07:46:40 ~ IP : 87.177.163.101 ----------
REQUEST URI : /nasz/admin/index.php?route=catalog/product/update&amp;token=fbf043250b98bac9e8985e4f67cea827&amp;product_id=370&amp;page=32
MOD DETAILS:
   modFile   : /home/demostrona/domains/demo.stronazen.pl/public_html/nasz/vqmod/xml/Auto-SEO-keywords-URL.xml
   id        : Auto SEO Keywords
   version   : 1
   vqmver    : 
   author    : Creative Ground
SEARCH NOT FOUND (ABORTING MOD): name="keyword"

----------------------------------------------------------------------


---------- Date: 2014-09-24 07:46:42 ~ IP : 87.177.163.101 ----------
REQUEST URI : /nasz/admin/index.php?route=catalog/product/update&amp;token=fbf043250b98bac9e8985e4f67cea827&amp;product_id=368&amp;page=32
MOD DETAILS:
   modFile   : /home/demostrona/domains/demo.stronazen.pl/public_html/nasz/vqmod/xml/Auto-SEO-keywords-URL.xml
   id        : Auto SEO Keywords
   version   : 1
   vqmver    : 
   author    : Creative Ground
SEARCH NOT FOUND (ABORTING MOD): name="keyword"

----------------------------------------------------------------------


---------- Date: 2014-09-24 07:46:43 ~ IP : 87.177.163.101 ----------
REQUEST URI : /nasz/admin/index.php?route=catalog/product/update&amp;token=fbf043250b98bac9e8985e4f67cea827&amp;product_id=369&amp;page=32
MOD DETAILS:
   modFile   : /home/demostrona/domains/demo.stronazen.pl/public_html/nasz/vqmod/xml/Auto-SEO-keywords-URL.xml
   id        : Auto SEO Keywords
   version   : 1
   vqmver    : 
   author    : Creative Ground
SEARCH NOT FOUND (ABORTING MOD): name="keyword"

----------------------------------------------------------------------


---------- Date: 2014-09-24 07:46:44 ~ IP : 87.177.163.101 ----------
REQUEST URI : /nasz/admin/index.php?route=catalog/product/update&amp;token=fbf043250b98bac9e8985e4f67cea827&amp;product_id=372&amp;page=32
MOD DETAILS:
   modFile   : /home/demostrona/domains/demo.stronazen.pl/public_html/nasz/vqmod/xml/Auto-SEO-keywords-URL.xml
   id        : Auto SEO Keywords
   version   : 1
   vqmver    : 
   author    : Creative Ground
SEARCH NOT FOUND (ABORTING MOD): name="keyword"

----------------------------------------------------------------------


---------- Date: 2014-09-24 07:46:45 ~ IP : 87.177.163.101 ----------
REQUEST URI : /nasz/admin/index.php?route=catalog/product/update&amp;token=fbf043250b98bac9e8985e4f67cea827&amp;product_id=371&amp;page=32
MOD DETAILS:
   modFile   : /home/demostrona/domains/demo.stronazen.pl/public_html/nasz/vqmod/xml/Auto-SEO-keywords-URL.xml
   id        : Auto SEO Keywords
   version   : 1
   vqmver    : 
   author    : Creative Ground
SEARCH NOT FOUND (ABORTING MOD): name="keyword"

----------------------------------------------------------------------


---------- Date: 2014-09-24 07:46:46 ~ IP : 87.177.163.101 ----------
REQUEST URI : /nasz/admin/index.php?route=catalog/product/update&amp;token=fbf043250b98bac9e8985e4f67cea827&amp;product_id=363&amp;page=32
MOD DETAILS:
   modFile   : /home/demostrona/domains/demo.stronazen.pl/public_html/nasz/vqmod/xml/Auto-SEO-keywords-URL.xml
   id        : Auto SEO Keywords
   version   : 1
   vqmver    : 
   author    : Creative Ground
SEARCH NOT FOUND (ABORTING MOD): name="keyword"

----------------------------------------------------------------------


---------- Date: 2014-09-24 07:46:58 ~ IP : 87.177.163.101 ----------
REQUEST URI : /nasz/admin/index.php?route=catalog/product/update&amp;token=fbf043250b98bac9e8985e4f67cea827&amp;product_id=364&amp;page=32
MOD DETAILS:
   modFile   : /home/demostrona/domains/demo.stronazen.pl/public_html/nasz/vqmod/xml/Auto-SEO-keywords-URL.xml
   id        : Auto SEO Keywords
   version   : 1
   vqmver    : 
   author    : Creative Ground
SEARCH NOT FOUND (ABORTING MOD): name="keyword"

----------------------------------------------------------------------


---------- Date: 2014-09-24 07:47:00 ~ IP : 87.177.163.101 ----------
REQUEST URI : /nasz/admin/index.php?route=catalog/product/update&amp;token=fbf043250b98bac9e8985e4f67cea827&amp;product_id=365&amp;page=32
MOD DETAILS:
   modFile   : /home/demostrona/domains/demo.stronazen.pl/public_html/nasz/vqmod/xml/Auto-SEO-keywords-URL.xml
   id        : Auto SEO Keywords
   version   : 1
   vqmver    : 
   author    : Creative Ground
SEARCH NOT FOUND (ABORTING MOD): name="keyword"

----------------------------------------------------------------------


---------- Date: 2014-09-24 07:47:03 ~ IP : 87.177.163.101 ----------
REQUEST URI : /nasz/admin/index.php?route=catalog/product/update&amp;token=fbf043250b98bac9e8985e4f67cea827&amp;product_id=155&amp;page=32
MOD DETAILS:
   modFile   : /home/demostrona/domains/demo.stronazen.pl/public_html/nasz/vqmod/xml/Auto-SEO-keywords-URL.xml
   id        : Auto SEO Keywords
   version   : 1
   vqmver    : 
   author    : Creative Ground
SEARCH NOT FOUND (ABORTING MOD): name="keyword"

----------------------------------------------------------------------


---------- Date: 2014-09-24 10:41:54 ~ IP : 217.91.165.165 ----------
REQUEST URI : /nasz/admin/index.php?route=catalog/product/update&amp;token=b9576696846199eb833f0f26d3088008&amp;product_id=156&amp;page=33
MOD DETAILS:
   modFile   : /home/demostrona/domains/demo.stronazen.pl/public_html/nasz/vqmod/xml/Auto-SEO-keywords-URL.xml
   id        : Auto SEO Keywords
   version   : 1
   vqmver    : 
   author    : Creative Ground
SEARCH NOT FOUND (ABORTING MOD): name="keyword"

----------------------------------------------------------------------


---------- Date: 2014-09-24 10:41:56 ~ IP : 217.91.165.165 ----------
REQUEST URI : /nasz/admin/index.php?route=catalog/product/update&amp;token=b9576696846199eb833f0f26d3088008&amp;product_id=153&amp;page=33
MOD DETAILS:
   modFile   : /home/demostrona/domains/demo.stronazen.pl/public_html/nasz/vqmod/xml/Auto-SEO-keywords-URL.xml
   id        : Auto SEO Keywords
   version   : 1
   vqmver    : 
   author    : Creative Ground
SEARCH NOT FOUND (ABORTING MOD): name="keyword"

----------------------------------------------------------------------


---------- Date: 2014-09-24 10:41:57 ~ IP : 217.91.165.165 ----------
REQUEST URI : /nasz/admin/index.php?route=catalog/product/update&amp;token=b9576696846199eb833f0f26d3088008&amp;product_id=152&amp;page=33
MOD DETAILS:
   modFile   : /home/demostrona/domains/demo.stronazen.pl/public_html/nasz/vqmod/xml/Auto-SEO-keywords-URL.xml
   id        : Auto SEO Keywords
   version   : 1
   vqmver    : 
   author    : Creative Ground
SEARCH NOT FOUND (ABORTING MOD): name="keyword"

----------------------------------------------------------------------


---------- Date: 2014-09-24 10:41:58 ~ IP : 217.91.165.165 ----------
REQUEST URI : /nasz/admin/index.php?route=catalog/product/update&amp;token=b9576696846199eb833f0f26d3088008&amp;product_id=366&amp;page=33
MOD DETAILS:
   modFile   : /home/demostrona/domains/demo.stronazen.pl/public_html/nasz/vqmod/xml/Auto-SEO-keywords-URL.xml
   id        : Auto SEO Keywords
   version   : 1
   vqmver    : 
   author    : Creative Ground
SEARCH NOT FOUND (ABORTING MOD): name="keyword"

----------------------------------------------------------------------


---------- Date: 2014-09-24 10:42:00 ~ IP : 217.91.165.165 ----------
REQUEST URI : /nasz/admin/index.php?route=catalog/product/update&amp;token=b9576696846199eb833f0f26d3088008&amp;product_id=160&amp;page=33
MOD DETAILS:
   modFile   : /home/demostrona/domains/demo.stronazen.pl/public_html/nasz/vqmod/xml/Auto-SEO-keywords-URL.xml
   id        : Auto SEO Keywords
   version   : 1
   vqmver    : 
   author    : Creative Ground
SEARCH NOT FOUND (ABORTING MOD): name="keyword"

----------------------------------------------------------------------


---------- Date: 2014-09-24 10:42:02 ~ IP : 217.91.165.165 ----------
REQUEST URI : /nasz/admin/index.php?route=catalog/product/update&amp;token=b9576696846199eb833f0f26d3088008&amp;product_id=161&amp;page=33
MOD DETAILS:
   modFile   : /home/demostrona/domains/demo.stronazen.pl/public_html/nasz/vqmod/xml/Auto-SEO-keywords-URL.xml
   id        : Auto SEO Keywords
   version   : 1
   vqmver    : 
   author    : Creative Ground
SEARCH NOT FOUND (ABORTING MOD): name="keyword"

----------------------------------------------------------------------


---------- Date: 2014-09-24 10:42:04 ~ IP : 217.91.165.165 ----------
REQUEST URI : /nasz/admin/index.php?route=catalog/product/update&amp;token=b9576696846199eb833f0f26d3088008&amp;product_id=182&amp;page=33
MOD DETAILS:
   modFile   : /home/demostrona/domains/demo.stronazen.pl/public_html/nasz/vqmod/xml/Auto-SEO-keywords-URL.xml
   id        : Auto SEO Keywords
   version   : 1
   vqmver    : 
   author    : Creative Ground
SEARCH NOT FOUND (ABORTING MOD): name="keyword"

----------------------------------------------------------------------


---------- Date: 2014-09-24 10:42:06 ~ IP : 217.91.165.165 ----------
REQUEST URI : /nasz/admin/index.php?route=catalog/product/update&amp;token=b9576696846199eb833f0f26d3088008&amp;product_id=184&amp;page=33
MOD DETAILS:
   modFile   : /home/demostrona/domains/demo.stronazen.pl/public_html/nasz/vqmod/xml/Auto-SEO-keywords-URL.xml
   id        : Auto SEO Keywords
   version   : 1
   vqmver    : 
   author    : Creative Ground
SEARCH NOT FOUND (ABORTING MOD): name="keyword"

----------------------------------------------------------------------


---------- Date: 2014-09-24 10:42:07 ~ IP : 217.91.165.165 ----------
REQUEST URI : /nasz/admin/index.php?route=catalog/product/update&amp;token=b9576696846199eb833f0f26d3088008&amp;product_id=207&amp;page=33
MOD DETAILS:
   modFile   : /home/demostrona/domains/demo.stronazen.pl/public_html/nasz/vqmod/xml/Auto-SEO-keywords-URL.xml
   id        : Auto SEO Keywords
   version   : 1
   vqmver    : 
   author    : Creative Ground
SEARCH NOT FOUND (ABORTING MOD): name="keyword"

----------------------------------------------------------------------


---------- Date: 2014-09-24 10:42:09 ~ IP : 217.91.165.165 ----------
REQUEST URI : /nasz/admin/index.php?route=catalog/product/update&amp;token=b9576696846199eb833f0f26d3088008&amp;product_id=162&amp;page=33
MOD DETAILS:
   modFile   : /home/demostrona/domains/demo.stronazen.pl/public_html/nasz/vqmod/xml/Auto-SEO-keywords-URL.xml
   id        : Auto SEO Keywords
   version   : 1
   vqmver    : 
   author    : Creative Ground
SEARCH NOT FOUND (ABORTING MOD): name="keyword"

----------------------------------------------------------------------


---------- Date: 2014-09-24 10:42:10 ~ IP : 217.91.165.165 ----------
REQUEST URI : /nasz/admin/index.php?route=catalog/product/update&amp;token=b9576696846199eb833f0f26d3088008&amp;product_id=193&amp;page=33
MOD DETAILS:
   modFile   : /home/demostrona/domains/demo.stronazen.pl/public_html/nasz/vqmod/xml/Auto-SEO-keywords-URL.xml
   id        : Auto SEO Keywords
   version   : 1
   vqmver    : 
   author    : Creative Ground
SEARCH NOT FOUND (ABORTING MOD): name="keyword"

----------------------------------------------------------------------


---------- Date: 2014-09-24 10:42:20 ~ IP : 217.91.165.165 ----------
REQUEST URI : /nasz/admin/index.php?route=catalog/product/update&amp;token=b9576696846199eb833f0f26d3088008&amp;product_id=185&amp;page=33
MOD DETAILS:
   modFile   : /home/demostrona/domains/demo.stronazen.pl/public_html/nasz/vqmod/xml/Auto-SEO-keywords-URL.xml
   id        : Auto SEO Keywords
   version   : 1
   vqmver    : 
   author    : Creative Ground
SEARCH NOT FOUND (ABORTING MOD): name="keyword"

----------------------------------------------------------------------


---------- Date: 2014-09-24 10:42:21 ~ IP : 217.91.165.165 ----------
REQUEST URI : /nasz/admin/index.php?route=catalog/product/update&amp;token=b9576696846199eb833f0f26d3088008&amp;product_id=159&amp;page=33
MOD DETAILS:
   modFile   : /home/demostrona/domains/demo.stronazen.pl/public_html/nasz/vqmod/xml/Auto-SEO-keywords-URL.xml
   id        : Auto SEO Keywords
   version   : 1
   vqmver    : 
   author    : Creative Ground
SEARCH NOT FOUND (ABORTING MOD): name="keyword"

----------------------------------------------------------------------


---------- Date: 2014-09-24 10:42:23 ~ IP : 217.91.165.165 ----------
REQUEST URI : /nasz/admin/index.php?route=catalog/product/update&amp;token=b9576696846199eb833f0f26d3088008&amp;product_id=163&amp;page=33
MOD DETAILS:
   modFile   : /home/demostrona/domains/demo.stronazen.pl/public_html/nasz/vqmod/xml/Auto-SEO-keywords-URL.xml
   id        : Auto SEO Keywords
   version   : 1
   vqmver    : 
   author    : Creative Ground
SEARCH NOT FOUND (ABORTING MOD): name="keyword"

----------------------------------------------------------------------


---------- Date: 2014-09-24 10:42:24 ~ IP : 217.91.165.165 ----------
REQUEST URI : /nasz/admin/index.php?route=catalog/product/update&amp;token=b9576696846199eb833f0f26d3088008&amp;product_id=164&amp;page=33
MOD DETAILS:
   modFile   : /home/demostrona/domains/demo.stronazen.pl/public_html/nasz/vqmod/xml/Auto-SEO-keywords-URL.xml
   id        : Auto SEO Keywords
   version   : 1
   vqmver    : 
   author    : Creative Ground
SEARCH NOT FOUND (ABORTING MOD): name="keyword"

----------------------------------------------------------------------


---------- Date: 2014-09-24 10:42:25 ~ IP : 217.91.165.165 ----------
REQUEST URI : /nasz/admin/index.php?route=catalog/product/update&amp;token=b9576696846199eb833f0f26d3088008&amp;product_id=186&amp;page=33
MOD DETAILS:
   modFile   : /home/demostrona/domains/demo.stronazen.pl/public_html/nasz/vqmod/xml/Auto-SEO-keywords-URL.xml
   id        : Auto SEO Keywords
   version   : 1
   vqmver    : 
   author    : Creative Ground
SEARCH NOT FOUND (ABORTING MOD): name="keyword"

----------------------------------------------------------------------


---------- Date: 2014-09-24 10:42:27 ~ IP : 217.91.165.165 ----------
REQUEST URI : /nasz/admin/index.php?route=catalog/product/update&amp;token=b9576696846199eb833f0f26d3088008&amp;product_id=208&amp;page=33
MOD DETAILS:
   modFile   : /home/demostrona/domains/demo.stronazen.pl/public_html/nasz/vqmod/xml/Auto-SEO-keywords-URL.xml
   id        : Auto SEO Keywords
   version   : 1
   vqmver    : 
   author    : Creative Ground
SEARCH NOT FOUND (ABORTING MOD): name="keyword"

----------------------------------------------------------------------


---------- Date: 2014-09-24 10:42:28 ~ IP : 217.91.165.165 ----------
REQUEST URI : /nasz/admin/index.php?route=catalog/product/update&amp;token=b9576696846199eb833f0f26d3088008&amp;product_id=209&amp;page=33
MOD DETAILS:
   modFile   : /home/demostrona/domains/demo.stronazen.pl/public_html/nasz/vqmod/xml/Auto-SEO-keywords-URL.xml
   id        : Auto SEO Keywords
   version   : 1
   vqmver    : 
   author    : Creative Ground
SEARCH NOT FOUND (ABORTING MOD): name="keyword"

----------------------------------------------------------------------


---------- Date: 2014-09-24 10:42:30 ~ IP : 217.91.165.165 ----------
REQUEST URI : /nasz/admin/index.php?route=catalog/product/update&amp;token=b9576696846199eb833f0f26d3088008&amp;product_id=465&amp;page=33
MOD DETAILS:
   modFile   : /home/demostrona/domains/demo.stronazen.pl/public_html/nasz/vqmod/xml/Auto-SEO-keywords-URL.xml
   id        : Auto SEO Keywords
   version   : 1
   vqmver    : 
   author    : Creative Ground
SEARCH NOT FOUND (ABORTING MOD): name="keyword"

----------------------------------------------------------------------


---------- Date: 2014-09-24 10:42:31 ~ IP : 217.91.165.165 ----------
REQUEST URI : /nasz/admin/index.php?route=catalog/product/update&amp;token=b9576696846199eb833f0f26d3088008&amp;product_id=335&amp;page=33
MOD DETAILS:
   modFile   : /home/demostrona/domains/demo.stronazen.pl/public_html/nasz/vqmod/xml/Auto-SEO-keywords-URL.xml
   id        : Auto SEO Keywords
   version   : 1
   vqmver    : 
   author    : Creative Ground
SEARCH NOT FOUND (ABORTING MOD): name="keyword"

----------------------------------------------------------------------


---------- Date: 2014-09-24 10:51:33 ~ IP : 217.91.165.165 ----------
REQUEST URI : /nasz/admin/index.php?route=catalog/product/update&amp;token=b9576696846199eb833f0f26d3088008&amp;product_id=333&amp;page=34
MOD DETAILS:
   modFile   : /home/demostrona/domains/demo.stronazen.pl/public_html/nasz/vqmod/xml/Auto-SEO-keywords-URL.xml
   id        : Auto SEO Keywords
   version   : 1
   vqmver    : 
   author    : Creative Ground
SEARCH NOT FOUND (ABORTING MOD): name="keyword"

----------------------------------------------------------------------


---------- Date: 2014-09-24 10:51:35 ~ IP : 217.91.165.165 ----------
REQUEST URI : /nasz/admin/index.php?route=catalog/product/update&amp;token=b9576696846199eb833f0f26d3088008&amp;product_id=336&amp;page=34
MOD DETAILS:
   modFile   : /home/demostrona/domains/demo.stronazen.pl/public_html/nasz/vqmod/xml/Auto-SEO-keywords-URL.xml
   id        : Auto SEO Keywords
   version   : 1
   vqmver    : 
   author    : Creative Ground
SEARCH NOT FOUND (ABORTING MOD): name="keyword"

----------------------------------------------------------------------


---------- Date: 2014-09-24 10:51:36 ~ IP : 217.91.165.165 ----------
REQUEST URI : /nasz/admin/index.php?route=catalog/product/update&amp;token=b9576696846199eb833f0f26d3088008&amp;product_id=334&amp;page=34
MOD DETAILS:
   modFile   : /home/demostrona/domains/demo.stronazen.pl/public_html/nasz/vqmod/xml/Auto-SEO-keywords-URL.xml
   id        : Auto SEO Keywords
   version   : 1
   vqmver    : 
   author    : Creative Ground
SEARCH NOT FOUND (ABORTING MOD): name="keyword"

----------------------------------------------------------------------


---------- Date: 2014-09-24 10:51:37 ~ IP : 217.91.165.165 ----------
REQUEST URI : /nasz/admin/index.php?route=catalog/product/update&amp;token=b9576696846199eb833f0f26d3088008&amp;product_id=245&amp;page=34
MOD DETAILS:
   modFile   : /home/demostrona/domains/demo.stronazen.pl/public_html/nasz/vqmod/xml/Auto-SEO-keywords-URL.xml
   id        : Auto SEO Keywords
   version   : 1
   vqmver    : 
   author    : Creative Ground
SEARCH NOT FOUND (ABORTING MOD): name="keyword"

----------------------------------------------------------------------


---------- Date: 2014-09-24 10:51:38 ~ IP : 217.91.165.165 ----------
REQUEST URI : /nasz/admin/index.php?route=catalog/product/update&amp;token=b9576696846199eb833f0f26d3088008&amp;product_id=241&amp;page=34
MOD DETAILS:
   modFile   : /home/demostrona/domains/demo.stronazen.pl/public_html/nasz/vqmod/xml/Auto-SEO-keywords-URL.xml
   id        : Auto SEO Keywords
   version   : 1
   vqmver    : 
   author    : Creative Ground
SEARCH NOT FOUND (ABORTING MOD): name="keyword"

----------------------------------------------------------------------


---------- Date: 2014-09-24 10:51:41 ~ IP : 217.91.165.165 ----------
REQUEST URI : /nasz/admin/index.php?route=catalog/product/update&amp;token=b9576696846199eb833f0f26d3088008&amp;product_id=242&amp;page=34
MOD DETAILS:
   modFile   : /home/demostrona/domains/demo.stronazen.pl/public_html/nasz/vqmod/xml/Auto-SEO-keywords-URL.xml
   id        : Auto SEO Keywords
   version   : 1
   vqmver    : 
   author    : Creative Ground
SEARCH NOT FOUND (ABORTING MOD): name="keyword"

----------------------------------------------------------------------


---------- Date: 2014-09-24 10:51:42 ~ IP : 217.91.165.165 ----------
REQUEST URI : /nasz/admin/index.php?route=catalog/product/update&amp;token=b9576696846199eb833f0f26d3088008&amp;product_id=237&amp;page=34
MOD DETAILS:
   modFile   : /home/demostrona/domains/demo.stronazen.pl/public_html/nasz/vqmod/xml/Auto-SEO-keywords-URL.xml
   id        : Auto SEO Keywords
   version   : 1
   vqmver    : 
   author    : Creative Ground
SEARCH NOT FOUND (ABORTING MOD): name="keyword"

----------------------------------------------------------------------


---------- Date: 2014-09-24 10:51:43 ~ IP : 217.91.165.165 ----------
REQUEST URI : /nasz/admin/index.php?route=catalog/product/update&amp;token=b9576696846199eb833f0f26d3088008&amp;product_id=238&amp;page=34
MOD DETAILS:
   modFile   : /home/demostrona/domains/demo.stronazen.pl/public_html/nasz/vqmod/xml/Auto-SEO-keywords-URL.xml
   id        : Auto SEO Keywords
   version   : 1
   vqmver    : 
   author    : Creative Ground
SEARCH NOT FOUND (ABORTING MOD): name="keyword"

----------------------------------------------------------------------


---------- Date: 2014-09-24 10:51:45 ~ IP : 217.91.165.165 ----------
REQUEST URI : /nasz/admin/index.php?route=catalog/product/update&amp;token=b9576696846199eb833f0f26d3088008&amp;product_id=45&amp;page=34
MOD DETAILS:
   modFile   : /home/demostrona/domains/demo.stronazen.pl/public_html/nasz/vqmod/xml/Auto-SEO-keywords-URL.xml
   id        : Auto SEO Keywords
   version   : 1
   vqmver    : 
   author    : Creative Ground
SEARCH NOT FOUND (ABORTING MOD): name="keyword"

----------------------------------------------------------------------


---------- Date: 2014-09-24 10:51:46 ~ IP : 217.91.165.165 ----------
REQUEST URI : /nasz/admin/index.php?route=catalog/product/update&amp;token=b9576696846199eb833f0f26d3088008&amp;product_id=235&amp;page=34
MOD DETAILS:
   modFile   : /home/demostrona/domains/demo.stronazen.pl/public_html/nasz/vqmod/xml/Auto-SEO-keywords-URL.xml
   id        : Auto SEO Keywords
   version   : 1
   vqmver    : 
   author    : Creative Ground
SEARCH NOT FOUND (ABORTING MOD): name="keyword"

----------------------------------------------------------------------


---------- Date: 2014-09-24 10:51:48 ~ IP : 217.91.165.165 ----------
REQUEST URI : /nasz/admin/index.php?route=catalog/product/update&amp;token=b9576696846199eb833f0f26d3088008&amp;product_id=605&amp;page=34
MOD DETAILS:
   modFile   : /home/demostrona/domains/demo.stronazen.pl/public_html/nasz/vqmod/xml/Auto-SEO-keywords-URL.xml
   id        : Auto SEO Keywords
   version   : 1
   vqmver    : 
   author    : Creative Ground
SEARCH NOT FOUND (ABORTING MOD): name="keyword"

----------------------------------------------------------------------


---------- Date: 2014-09-24 10:52:05 ~ IP : 217.91.165.165 ----------
REQUEST URI : /nasz/admin/index.php?route=catalog/product/update&amp;token=b9576696846199eb833f0f26d3088008&amp;product_id=67&amp;page=34
MOD DETAILS:
   modFile   : /home/demostrona/domains/demo.stronazen.pl/public_html/nasz/vqmod/xml/Auto-SEO-keywords-URL.xml
   id        : Auto SEO Keywords
   version   : 1
   vqmver    : 
   author    : Creative Ground
SEARCH NOT FOUND (ABORTING MOD): name="keyword"

----------------------------------------------------------------------


---------- Date: 2014-09-24 10:52:07 ~ IP : 217.91.165.165 ----------
REQUEST URI : /nasz/admin/index.php?route=catalog/product/update&amp;token=b9576696846199eb833f0f26d3088008&amp;product_id=69&amp;page=34
MOD DETAILS:
   modFile   : /home/demostrona/domains/demo.stronazen.pl/public_html/nasz/vqmod/xml/Auto-SEO-keywords-URL.xml
   id        : Auto SEO Keywords
   version   : 1
   vqmver    : 
   author    : Creative Ground
SEARCH NOT FOUND (ABORTING MOD): name="keyword"

----------------------------------------------------------------------


---------- Date: 2014-09-24 10:52:08 ~ IP : 217.91.165.165 ----------
REQUEST URI : /nasz/admin/index.php?route=catalog/product/update&amp;token=b9576696846199eb833f0f26d3088008&amp;product_id=427&amp;page=34
MOD DETAILS:
   modFile   : /home/demostrona/domains/demo.stronazen.pl/public_html/nasz/vqmod/xml/Auto-SEO-keywords-URL.xml
   id        : Auto SEO Keywords
   version   : 1
   vqmver    : 
   author    : Creative Ground
SEARCH NOT FOUND (ABORTING MOD): name="keyword"

----------------------------------------------------------------------


---------- Date: 2014-09-24 10:52:09 ~ IP : 217.91.165.165 ----------
REQUEST URI : /nasz/admin/index.php?route=catalog/product/update&amp;token=b9576696846199eb833f0f26d3088008&amp;product_id=413&amp;page=34
MOD DETAILS:
   modFile   : /home/demostrona/domains/demo.stronazen.pl/public_html/nasz/vqmod/xml/Auto-SEO-keywords-URL.xml
   id        : Auto SEO Keywords
   version   : 1
   vqmver    : 
   author    : Creative Ground
SEARCH NOT FOUND (ABORTING MOD): name="keyword"

----------------------------------------------------------------------


---------- Date: 2014-09-24 10:52:11 ~ IP : 217.91.165.165 ----------
REQUEST URI : /nasz/admin/index.php?route=catalog/product/update&amp;token=b9576696846199eb833f0f26d3088008&amp;product_id=595&amp;page=34
MOD DETAILS:
   modFile   : /home/demostrona/domains/demo.stronazen.pl/public_html/nasz/vqmod/xml/Auto-SEO-keywords-URL.xml
   id        : Auto SEO Keywords
   version   : 1
   vqmver    : 
   author    : Creative Ground
SEARCH NOT FOUND (ABORTING MOD): name="keyword"

----------------------------------------------------------------------


---------- Date: 2014-09-24 10:52:12 ~ IP : 217.91.165.165 ----------
REQUEST URI : /nasz/admin/index.php?route=catalog/product/update&amp;token=b9576696846199eb833f0f26d3088008&amp;product_id=414&amp;page=34
MOD DETAILS:
   modFile   : /home/demostrona/domains/demo.stronazen.pl/public_html/nasz/vqmod/xml/Auto-SEO-keywords-URL.xml
   id        : Auto SEO Keywords
   version   : 1
   vqmver    : 
   author    : Creative Ground
SEARCH NOT FOUND (ABORTING MOD): name="keyword"

----------------------------------------------------------------------


---------- Date: 2014-09-24 10:52:15 ~ IP : 217.91.165.165 ----------
REQUEST URI : /nasz/admin/index.php?route=catalog/product/update&amp;token=b9576696846199eb833f0f26d3088008&amp;product_id=62&amp;page=34
MOD DETAILS:
   modFile   : /home/demostrona/domains/demo.stronazen.pl/public_html/nasz/vqmod/xml/Auto-SEO-keywords-URL.xml
   id        : Auto SEO Keywords
   version   : 1
   vqmver    : 
   author    : Creative Ground
SEARCH NOT FOUND (ABORTING MOD): name="keyword"

----------------------------------------------------------------------


---------- Date: 2014-09-24 10:52:28 ~ IP : 217.91.165.165 ----------
REQUEST URI : /nasz/admin/index.php?route=catalog/product/update&amp;token=b9576696846199eb833f0f26d3088008&amp;product_id=68&amp;page=34
MOD DETAILS:
   modFile   : /home/demostrona/domains/demo.stronazen.pl/public_html/nasz/vqmod/xml/Auto-SEO-keywords-URL.xml
   id        : Auto SEO Keywords
   version   : 1
   vqmver    : 
   author    : Creative Ground
SEARCH NOT FOUND (ABORTING MOD): name="keyword"

----------------------------------------------------------------------


---------- Date: 2014-09-24 10:52:31 ~ IP : 217.91.165.165 ----------
REQUEST URI : /nasz/admin/index.php?route=catalog/product/update&amp;token=b9576696846199eb833f0f26d3088008&amp;product_id=286&amp;page=34
MOD DETAILS:
   modFile   : /home/demostrona/domains/demo.stronazen.pl/public_html/nasz/vqmod/xml/Auto-SEO-keywords-URL.xml
   id        : Auto SEO Keywords
   version   : 1
   vqmver    : 
   author    : Creative Ground
SEARCH NOT FOUND (ABORTING MOD): name="keyword"

----------------------------------------------------------------------


